R22 (k1): A=2.490e+21  Ea=48749 cal/mol
R26 (k2): A=7.590e+10  Ea=7270 cal/mol

Running nominal OH profile (1 ms, const-P) ...
  OH_peak = 77.5 ppm  at t = 0.0126 ms

Selected OH target probes (nominal):
  1. rise (50% up)           nominal ~ 39.82 ppm
  2. [OH]_peak               nominal ~ 77.51 ppm
  3. OH @ 2·t_peak           nominal ~ 69.34 ppm
  4. OH @ 5·t_peak           nominal ~ 62.13 ppm

Starting fresh: 40000 simulations
  2000/40000  218.5 sim/s  failed=0
  4000/40000  217.2 sim/s  failed=0
  6000/40000  216.6 sim/s  failed=0
  8000/40000  216.0 sim/s  failed=0
  10000/40000  215.0 sim/s  failed=0
  12000/40000  214.2 sim/s  failed=0
  14000/40000  213.4 sim/s  failed=0
  16000/40000  212.8 sim/s  failed=0
  18000/40000  212.2 sim/s  failed=0
  20000/40000  211.6 sim/s  failed=0
  22000/40000  211.0 sim/s  failed=0
  24000/40000  210.2 sim/s  failed=0
  26000/40000  209.5 sim/s  failed=0
  28000/40000  208.7 sim/s  failed=0
  30000/40000  208.0 sim/s  failed=0
  32000/40000  207.3 sim/s  failed=0
  34000/40000  206.6 sim/s  failed=0
  36000/40000  205.9 sim/s  failed=0
  38000/40000  205.2 sim/s  failed=0
  40000/40000  204.7 sim/s  failed=0

Shapes: X=(40000, 4)  Y=(40000, 4)  (failed=0)
Split: train=32000  val=4000  test=4000

Training (1192 K OH, 4-pt: rise/OH_peak/2×t_peak/5×t_peak, ReLU) ...
  ep     1 | train 1.3467e+04 | val 2.6606e+01 | gap 0.002 | wd 5.0e-07 | lr 3.0e-02
  ep   500 | train 3.4204e-02 | val 3.4819e-02 | gap 1.018 | wd 1.0e-08 | lr 3.0e-02
  ep  1000 | train 3.1133e-02 | val 3.0129e-02 | gap 0.968 | wd 1.0e-08 | lr 3.0e-02
  ep  1500 | train 1.7593e-02 | val 1.5328e-02 | gap 0.871 | wd 1.0e-08 | lr 1.5e-02
  ep  2000 | train 1.3963e-02 | val 1.4263e-02 | gap 1.021 | wd 1.0e-08 | lr 3.7e-03
  ep  2500 | train 1.3705e-02 | val 1.4223e-02 | gap 1.038 | wd 1.0e-08 | lr 1.9e-03
  ep  3000 | train 1.3452e-02 | val 1.3636e-02 | gap 1.014 | wd 1.0e-08 | lr 9.4e-04
  ep  3500 | train 1.2927e-02 | val 1.3109e-02 | gap 1.014 | wd 1.0e-08 | lr 9.4e-04
  ep  4000 | train 1.2748e-02 | val 1.2867e-02 | gap 1.009 | wd 1.0e-08 | lr 9.4e-04
  ep  4500 | train 1.2709e-02 | val 1.2761e-02 | gap 1.004 | wd 1.0e-08 | lr 9.4e-04
  ep  5000 | train 1.2628e-02 | val 1.2672e-02 | gap 1.004 | wd 1.0e-08 | lr 4.7e-04
Done in 24.2 min.  Best val: 1.2615e-02

========================================================================
  1192 K OH — 4-pt (rise/OH_peak/2×t_peak/5×t_peak)  |  Zhang Table 1
========================================================================
  Set 1  sigma=0.1  N=661    mean=  0.48% (<= 1%)  p95=  1.58% (<= 2%)  PASS
  Set 2  sigma=0.3  N=659    mean=  0.89% (<= 2%)  p95=  2.62% (<= 5%)  PASS
  Set 3  sigma=0.5  N=2680   mean=  1.54% (<= 3%)  p95=  5.21% (<= 10%)  PASS
========================================================================
MEETS all Zhang Table 1 requirements.

Per-target mean relative error (%):
  1. rise (50% up)          t=0.0029 ms   err=0.87%
  2. [OH]_peak              t=0.0126 ms   err=1.27%
  3. OH @ 2·t_peak          t=0.0252 ms   err=1.24%
  4. OH @ 5·t_peak          t=0.0630 ms   err=1.64%

Saved: result_1192k_oh_relu_4pts_span_16_train.pt
