R22 (k1): A=2.490e+21  Ea=48749 cal/mol
R26 (k2): A=7.590e+10  Ea=7270 cal/mol

Running nominal OH profile (1 ms, const-P) ...
  OH_peak = 77.5 ppm  at t = 0.0126 ms

Selected OH target times:
  1. rise (50% up)           t = 0.0029 ms   OH ~ 39.8 ppm
  2. peak                    t = 0.0126 ms   OH ~ 77.5 ppm
  3. mid-decay (33% down)    t = 0.1605 ms   OH ~ 60.0 ppm

Resuming idx 40000/40000: 40000 valid, 0 dropped, 0 failed

Shapes: X=(40000, 4)  Y=(40000, 3)  (failed=0)
Split: train=32000  val=4000  test=4000

Training (1192 K OH, 3-pt: rise/peak/mid-decay, GELU) ...
  ep     1 | train 1.2770e+08 | val 4.1511e+05 | gap 0.003 | wd 5.0e-07 | lr 3.0e-02
  ep   500 | train 1.9766e+00 | val 1.9877e+00 | gap 1.006 | wd 1.0e-08 | lr 3.0e-02
  ep  1000 | train 2.6212e-01 | val 2.6074e-01 | gap 0.995 | wd 1.0e-08 | lr 3.0e-02
  ep  1500 | train 6.2725e-02 | val 6.8925e-02 | gap 1.099 | wd 1.0e-08 | lr 3.0e-02
  ep  2000 | train 5.5897e-02 | val 5.3721e-02 | gap 0.961 | wd 1.0e-08 | lr 1.5e-02
  ep  2500 | train 5.0676e-02 | val 4.9016e-02 | gap 0.967 | wd 1.0e-08 | lr 7.5e-03
  ep  3000 | train 4.9245e-02 | val 4.7527e-02 | gap 0.965 | wd 1.0e-08 | lr 7.5e-03
  ep  3500 | train 4.7505e-02 | val 4.5118e-02 | gap 0.950 | wd 1.0e-08 | lr 3.7e-03
  ep  4000 | train 4.6579e-02 | val 4.4925e-02 | gap 0.964 | wd 1.0e-08 | lr 3.7e-03
  ep  4500 | train 4.5712e-02 | val 4.4291e-02 | gap 0.969 | wd 1.0e-08 | lr 1.9e-03
  ep  5000 | train 4.4360e-02 | val 4.2996e-02 | gap 0.969 | wd 1.0e-08 | lr 1.9e-03
Done in 27.1 min.  Best val: 4.2996e-02

========================================================================
  1192 K OH — 3-pt (rise/peak/mid-decay)  |  Zhang Table 1
========================================================================
  Set 1  sigma=0.1  N=661    mean=  2.45% (<= 1%)  p95=  9.54% (<= 2%)  FAIL
  Set 2  sigma=0.3  N=659    mean=  3.77% (<= 2%)  p95= 16.15% (<= 5%)  FAIL
  Set 3  sigma=0.5  N=2680   mean=  5.06% (<= 3%)  p95= 22.06% (<= 10%)  FAIL
========================================================================
does NOT meet all Zhang Table 1 requirements.

Per-target mean relative error (%):
  1. rise (50% up)          t=0.0029 ms   err=1.83%
  2. peak                   t=0.0126 ms   err=2.92%
  3. mid-decay (33% down)   t=0.1605 ms   err=8.48%

Saved: result_1192k_oh_gelu_train.pt
