R1 (k1): A=2.490e+21  Ea=48749 cal/mol
R2 (k2): A=7.590e+10  Ea=7270 cal/mol
R5 (k5): A=3.340e+01  b=+2.42  Ea=-1930 cal/mol

Running nominal profiles (1 ms, const-P) ...
/home/yk/h2o2_toy/nn_toy_1192k_joint_train_r5_joint_b.py:135: DeprecationWarning: ReactorBase.__init__: After Cantera 3.2, the default value of the `clone` argument will be `True`, resulting in an independent copy of the `phase` being created for use by this reactor. Add the `clone=False` argument to retain the old behavior of sharing `Solution` objects.
  reactor = ct.IdealGasConstPressureReactor(gas, energy='on')
/home/yk/h2o2_toy/nn_toy_1192k_joint_train_r5_joint_b.py:141: DeprecationWarning: ReactorBase.thermo: To be removed after Cantera 3.2. Renamed to `phase`.
  profiles[j][k] = reactor.thermo.X[idx]
  OH_peak = 77.5 ppm  at t = 0.0126 ms
  H2O initial = 1360.0 ppm   H2O plateau = 3556.8 ppm
  OH time window: 1.0 µs to 1.0000 ms
  H2O time window: 1.0 µs to 1.0000 ms

Computing sensitivities (OH on fine grid, H2O on coarse grid) ...
/home/yk/h2o2_toy/nn_toy_1192k_joint_train_r5_joint_b.py:176: DeprecationWarning: class Arrhenius: To be removed after Cantera 3.2. Replace with 'ArrheniusRate'
  r.rate.low_rate = ct.Arrhenius(lr.pre_exponential_factor*f, lr.temperature_exponent, lr.activation_energy)
/home/yk/h2o2_toy/nn_toy_1192k_joint_train_r5_joint_b.py:181: DeprecationWarning: ReactorBase.__init__: After Cantera 3.2, the default value of the `clone` argument will be `True`, resulting in an independent copy of the `phase` being created for use by this reactor. Add the `clone=False` argument to retain the old behavior of sharing `Solution` objects.
  rr = ct.IdealGasConstPressureReactor(g, energy='on'); net = ct.ReactorNet([rr]); oh = g.species_index('OH')
/home/yk/h2o2_toy/nn_toy_1192k_joint_train_r5_joint_b.py:183: DeprecationWarning: ReactorBase.thermo: To be removed after Cantera 3.2. Renamed to `phase`.
  for k in range(N_FINE): net.advance(T_FINE[k]); out[k] = rr.thermo.X[oh]
/home/yk/h2o2_toy/nn_toy_1192k_joint_train_r5_joint_b.py:178: DeprecationWarning: class Arrhenius: To be removed after Cantera 3.2. Replace with 'ArrheniusRate'
  r.rate = ct.Arrhenius(r.rate.pre_exponential_factor*f, r.rate.temperature_exponent, r.rate.activation_energy)
/home/yk/h2o2_toy/nn_toy_1192k_joint_train_r5_joint_b.py:193: DeprecationWarning: class Arrhenius: To be removed after Cantera 3.2. Replace with 'ArrheniusRate'
  r.rate.low_rate = ct.Arrhenius(lr.pre_exponential_factor*f,
/home/yk/h2o2_toy/nn_toy_1192k_joint_train_r5_joint_b.py:200: DeprecationWarning: ReactorBase.__init__: After Cantera 3.2, the default value of the `clone` argument will be `True`, resulting in an independent copy of the `phase` being created for use by this reactor. Add the `clone=False` argument to retain the old behavior of sharing `Solution` objects.
  rr = ct.IdealGasConstPressureReactor(g, energy='on')
/home/yk/h2o2_toy/nn_toy_1192k_joint_train_r5_joint_b.py:204: DeprecationWarning: ReactorBase.thermo: To be removed after Cantera 3.2. Renamed to `phase`.
  net.advance(T_SIM[k]); out[k] = rr.thermo.X[h2o]
/home/yk/h2o2_toy/nn_toy_1192k_joint_train_r5_joint_b.py:196: DeprecationWarning: class Arrhenius: To be removed after Cantera 3.2. Replace with 'ArrheniusRate'
  r.rate = ct.Arrhenius(r.rate.pre_exponential_factor*f,

OH target probes (window 1.0 µs .. 1.0000 ms, TRUE joint D-optimal, k1/k2/k5):
  1. OH D-opt @ 0.0021 ms            OH ~ 30.80 ppm
  2. OH D-opt @ 0.0262 ms            OH ~ 68.74 ppm
  3. OH D-opt @ 0.0903 ms            OH ~ 61.54 ppm
  4. OH D-opt @ 0.7463 ms            OH ~ 32.08 ppm
  5. OH D-opt @ 0.7513 ms            OH ~ 31.86 ppm

H2O target probes (window 1.0 µs .. 1.0000 ms, TRUE joint D-optimal, k1/k2/k5):
  1. H2O D-opt @ 0.0928 ms           H2O ~ 2457.13 ppm
  2. H2O D-opt @ 0.1428 ms           H2O ~ 2822.00 ppm
/home/yk/h2o2_toy/nn_toy_1192k_joint_train_r5_joint_b.py:319: UserWarning: The balance properties of Sobol' points require n to be a power of 2.
  base    = sampler.random(n_total)

Starting fresh: 40000 simulations
/home/yk/h2o2_toy/nn_toy_1192k_joint_train_r5_joint_b.py:342: DeprecationWarning: class Arrhenius: To be removed after Cantera 3.2. Replace with 'ArrheniusRate'
  rxn1.rate.low_rate = ct.Arrhenius(new_A_R1, NOMINAL_B_R1, new_Ea_R1)
/home/yk/h2o2_toy/nn_toy_1192k_joint_train_r5_joint_b.py:348: DeprecationWarning: class Arrhenius: To be removed after Cantera 3.2. Replace with 'ArrheniusRate'
  rxn2.rate = ct.Arrhenius(new_A_R2, NOMINAL_B_R2, new_Ea_R2)
/home/yk/h2o2_toy/nn_toy_1192k_joint_train_r5_joint_b.py:354: DeprecationWarning: class Arrhenius: To be removed after Cantera 3.2. Replace with 'ArrheniusRate'
  rxn5.rate = ct.Arrhenius(new_A_R5, NOMINAL_B_R5, new_Ea_R5)
/home/yk/h2o2_toy/nn_toy_1192k_joint_train_r5_joint_b.py:358: DeprecationWarning: ReactorBase.__init__: After Cantera 3.2, the default value of the `clone` argument will be `True`, resulting in an independent copy of the `phase` being created for use by this reactor. Add the `clone=False` argument to retain the old behavior of sharing `Solution` objects.
  reactor  = ct.IdealGasConstPressureReactor(gas, energy='on')
/home/yk/h2o2_toy/nn_toy_1192k_joint_train_r5_joint_b.py:371: DeprecationWarning: ReactorBase.thermo: To be removed after Cantera 3.2. Renamed to `phase`.
  y_oh[out_pos]  = reactor.thermo.X[oh_idx]
/home/yk/h2o2_toy/nn_toy_1192k_joint_train_r5_joint_b.py:373: DeprecationWarning: ReactorBase.thermo: To be removed after Cantera 3.2. Renamed to `phase`.
  y_h2o[out_pos] = reactor.thermo.X[h2o_idx]
  2000/40000  182.5 sim/s  failed=0
  4000/40000  182.2 sim/s  failed=0
  6000/40000  181.8 sim/s  failed=0
  8000/40000  181.0 sim/s  failed=0
  10000/40000  180.0 sim/s  failed=0
  12000/40000  179.1 sim/s  failed=0
  14000/40000  178.4 sim/s  failed=0
  16000/40000  177.5 sim/s  failed=0
  18000/40000  176.8 sim/s  failed=0
  20000/40000  176.0 sim/s  failed=0
  22000/40000  175.4 sim/s  failed=0
  24000/40000  174.7 sim/s  failed=0
  26000/40000  174.2 sim/s  failed=0
  28000/40000  173.7 sim/s  failed=0
  30000/40000  173.1 sim/s  failed=0
  32000/40000  172.6 sim/s  failed=0
  34000/40000  172.1 sim/s  failed=0
  36000/40000  171.5 sim/s  failed=0
  38000/40000  171.0 sim/s  failed=0
  40000/40000  169.7 sim/s  failed=0

Shapes: X=(40000, 6)  Y=(40000, 7)  (failed=0)
  OH outputs:  columns 0..4
  H2O outputs: columns 5..6
Split: train=32000  val=4000  test=4000

Training (1192 K joint OH+H2O+k5, 5-pt OH / 2-pt H2O, OH: 1us-1.0000ms [fixed] / H2O: 1us-1.0000ms [fixed, TRUE JOINT D-OPT]) ...
  ep     1 | train 8.0081e+03 | val 9.9388e+00 | gap 0.001 | wd 5.0e-07 | lr 3.0e-02
  ep   500 | train 9.3637e-02 | val 1.1123e-01 | gap 1.188 | wd 8.0e-08 | lr 3.0e-02
  ep  1000 | train 6.4826e-02 | val 7.0901e-02 | gap 1.094 | wd 4.0e-08 | lr 3.0e-02
  ep  1500 | train 2.8143e-02 | val 2.7249e-02 | gap 0.968 | wd 1.0e-08 | lr 1.5e-02
  ep  2000 | train 2.5493e-02 | val 2.5831e-02 | gap 1.013 | wd 1.0e-08 | lr 7.5e-03
  ep  2500 | train 2.2618e-02 | val 2.2751e-02 | gap 1.006 | wd 1.0e-08 | lr 1.9e-03
  ep  3000 | train 2.2689e-02 | val 2.2606e-02 | gap 0.996 | wd 1.0e-08 | lr 1.9e-03
  ep  3500 | train 2.2449e-02 | val 2.2378e-02 | gap 0.997 | wd 1.0e-08 | lr 9.4e-04
  ep  4000 | train 2.2334e-02 | val 2.2336e-02 | gap 1.000 | wd 1.0e-08 | lr 9.4e-04
  ep  4500 | train 2.2207e-02 | val 2.2187e-02 | gap 0.999 | wd 1.0e-08 | lr 4.7e-04
  ep  5000 | train 2.1616e-02 | val 2.1598e-02 | gap 0.999 | wd 1.0e-08 | lr 4.7e-04
Done in 56.2 min.  Best val: 2.1560e-02

========================================================================
  1192 K Joint (OH + H2O), 3 active params (k1,k2,k5, TRUE JOINT D-OPT)  |  Zhang Table 1
========================================================================

OH accuracy:
  Set 1  sigma=0.1  N=661    mean=  0.62% (<= 1%)  p95=  1.75% (<= 2%)  PASS
  Set 2  sigma=0.3  N=659    mean=  1.36% (<= 2%)  p95=  4.64% (<= 5%)  PASS
  Set 3  sigma=0.5  N=2680   mean=  2.25% (<= 3%)  p95=  8.42% (<= 10%)  PASS

H2O accuracy:
  Set 1  sigma=0.1  N=661    mean=  0.14% (<= 1%)  p95=  0.40% (<= 2%)  PASS
  Set 2  sigma=0.3  N=659    mean=  0.24% (<= 2%)  p95=  0.70% (<= 5%)  PASS
  Set 3  sigma=0.5  N=2680   mean=  0.39% (<= 3%)  p95=  1.13% (<= 10%)  PASS
========================================================================
MEETS all Zhang Table 1 requirements.

Saved: result_1192k_joint_r5_joint_dopt_b.pt
