R1 (k1): A=2.490e+21  Ea=48749 cal/mol
R2 (k2): A=7.590e+10  Ea=7270 cal/mol
R5 (k5): A=3.340e+01  b=+2.42  Ea=-1930 cal/mol
R4 (k4): A=2.890e+10  b=+0.00  Ea=-497 cal/mol

Running nominal profiles (1 ms, const-P) ...
/home/yk/h2o2_toy/nn_toy_1192k_joint_train_r5r4_joint.py:143: DeprecationWarning: ReactorBase.__init__: After Cantera 3.2, the default value of the `clone` argument will be `True`, resulting in an independent copy of the `phase` being created for use by this reactor. Add the `clone=False` argument to retain the old behavior of sharing `Solution` objects.
  reactor = ct.IdealGasConstPressureReactor(gas, energy='on')
/home/yk/h2o2_toy/nn_toy_1192k_joint_train_r5r4_joint.py:149: DeprecationWarning: ReactorBase.thermo: To be removed after Cantera 3.2. Renamed to `phase`.
  profiles[j][k] = reactor.thermo.X[idx]
  OH_peak = 77.5 ppm  at t = 0.0126 ms
  H2O initial = 1360.0 ppm   H2O plateau = 3556.8 ppm
  OH time window: 1.0 µs to 1.0000 ms
  H2O time window: 1.0 µs to 1.0000 ms

Computing sensitivities (OH on fine grid, H2O on coarse grid) ...
/home/yk/h2o2_toy/nn_toy_1192k_joint_train_r5r4_joint.py:184: DeprecationWarning: class Arrhenius: To be removed after Cantera 3.2. Replace with 'ArrheniusRate'
  r.rate.low_rate = ct.Arrhenius(lr.pre_exponential_factor*f, lr.temperature_exponent, lr.activation_energy)
/home/yk/h2o2_toy/nn_toy_1192k_joint_train_r5r4_joint.py:189: DeprecationWarning: ReactorBase.__init__: After Cantera 3.2, the default value of the `clone` argument will be `True`, resulting in an independent copy of the `phase` being created for use by this reactor. Add the `clone=False` argument to retain the old behavior of sharing `Solution` objects.
  rr = ct.IdealGasConstPressureReactor(g, energy='on'); net = ct.ReactorNet([rr]); oh = g.species_index('OH')
/home/yk/h2o2_toy/nn_toy_1192k_joint_train_r5r4_joint.py:191: DeprecationWarning: ReactorBase.thermo: To be removed after Cantera 3.2. Renamed to `phase`.
  for k in range(N_FINE): net.advance(T_FINE[k]); out[k] = rr.thermo.X[oh]
/home/yk/h2o2_toy/nn_toy_1192k_joint_train_r5r4_joint.py:186: DeprecationWarning: class Arrhenius: To be removed after Cantera 3.2. Replace with 'ArrheniusRate'
  r.rate = ct.Arrhenius(r.rate.pre_exponential_factor*f, r.rate.temperature_exponent, r.rate.activation_energy)
/home/yk/h2o2_toy/nn_toy_1192k_joint_train_r5r4_joint.py:201: DeprecationWarning: class Arrhenius: To be removed after Cantera 3.2. Replace with 'ArrheniusRate'
  r.rate.low_rate = ct.Arrhenius(lr.pre_exponential_factor*f,
/home/yk/h2o2_toy/nn_toy_1192k_joint_train_r5r4_joint.py:208: DeprecationWarning: ReactorBase.__init__: After Cantera 3.2, the default value of the `clone` argument will be `True`, resulting in an independent copy of the `phase` being created for use by this reactor. Add the `clone=False` argument to retain the old behavior of sharing `Solution` objects.
  rr = ct.IdealGasConstPressureReactor(g, energy='on')
/home/yk/h2o2_toy/nn_toy_1192k_joint_train_r5r4_joint.py:212: DeprecationWarning: ReactorBase.thermo: To be removed after Cantera 3.2. Renamed to `phase`.
  net.advance(T_SIM[k]); out[k] = rr.thermo.X[h2o]
/home/yk/h2o2_toy/nn_toy_1192k_joint_train_r5r4_joint.py:204: DeprecationWarning: class Arrhenius: To be removed after Cantera 3.2. Replace with 'ArrheniusRate'
  r.rate = ct.Arrhenius(r.rate.pre_exponential_factor*f,

OH target probes (window 1.0 µs .. 1.0000 ms, TRUE joint D-optimal, k1/k2/k5/k4):
  1. OH D-opt @ 0.0021 ms            OH ~ 30.80 ppm
  2. OH D-opt @ 0.0833 ms            OH ~ 61.66 ppm
  3. OH D-opt @ 0.3389 ms            OH ~ 53.81 ppm
  4. OH D-opt @ 0.7400 ms            OH ~ 32.36 ppm

H2O target probes (window 1.0 µs .. 1.0000 ms, TRUE joint D-optimal, k1/k2/k5/k4):
  1. H2O D-opt @ 0.0826 ms           H2O ~ 2364.25 ppm
  2. H2O D-opt @ 0.0877 ms           H2O ~ 2411.57 ppm
  3. H2O D-opt @ 0.0928 ms           H2O ~ 2457.13 ppm
/home/yk/h2o2_toy/nn_toy_1192k_joint_train_r5r4_joint.py:329: UserWarning: The balance properties of Sobol' points require n to be a power of 2.
  base    = sampler.random(n_total)

Resuming idx 40000/40000: 40000 valid, 0 dropped, 0 failed

Shapes: X=(40000, 8)  Y=(40000, 7)  (failed=0)
  OH outputs:  columns 0..3
  H2O outputs: columns 4..6
Split: train=32000  val=4000  test=4000

Training (1192 K joint OH+H2O+k5+k4, 4-pt OH / 3-pt H2O, OH: 1us-1.0000ms [fixed] / H2O: 1us-1.0000ms [fixed, TRUE JOINT D-OPT]) ...
  ep     1 | train 7.9926e+03 | val 3.6267e+01 | gap 0.005 | wd 5.0e-07 | lr 3.0e-02
  ep   500 | train 8.2169e-02 | val 8.2319e-02 | gap 1.002 | wd 2.0e-08 | lr 3.0e-02
  ep  1000 | train 1.0305e-01 | val 6.3206e-02 | gap 0.613 | wd 1.0e-08 | lr 3.0e-02
  ep  1500 | train 7.3338e-02 | val 8.2909e-02 | gap 1.131 | wd 2.0e-08 | lr 3.0e-02
  ep  2000 | train 4.0499e-02 | val 4.2083e-02 | gap 1.039 | wd 1.0e-08 | lr 1.5e-02
  ep  2500 | train 3.6972e-02 | val 3.7404e-02 | gap 1.012 | wd 1.0e-08 | lr 3.7e-03
  ep  3000 | train 3.6681e-02 | val 3.7205e-02 | gap 1.014 | wd 1.0e-08 | lr 1.9e-03
  ep  3500 | train 3.6334e-02 | val 3.6743e-02 | gap 1.011 | wd 1.0e-08 | lr 9.4e-04
  ep  4000 | train 3.6136e-02 | val 3.6571e-02 | gap 1.012 | wd 1.0e-08 | lr 2.3e-04
  ep  4500 | train 3.6086e-02 | val 3.6510e-02 | gap 1.012 | wd 1.0e-08 | lr 1.2e-04
  ep  5000 | train 3.6058e-02 | val 3.6482e-02 | gap 1.012 | wd 1.0e-08 | lr 5.9e-05
Done in 19.5 min.  Best val: 3.6454e-02

========================================================================
  1192 K Joint (OH + H2O), 4 active params (k1,k2,k5,k4, TRUE JOINT D-OPT)  |  Zhang Table 1
========================================================================

OH accuracy:
  Set 1  sigma=0.1  N=661    mean=  1.10% (<= 1%)  p95=  3.24% (<= 2%)  FAIL
  Set 2  sigma=0.3  N=659    mean=  2.11% (<= 2%)  p95=  6.47% (<= 5%)  FAIL
  Set 3  sigma=0.5  N=2680   mean=  3.70% (<= 3%)  p95= 12.75% (<= 10%)  FAIL

H2O accuracy:
  Set 1  sigma=0.1  N=661    mean=  0.15% (<= 1%)  p95=  0.60% (<= 2%)  PASS
  Set 2  sigma=0.3  N=659    mean=  0.40% (<= 2%)  p95=  1.28% (<= 5%)  PASS
  Set 3  sigma=0.5  N=2680   mean=  0.69% (<= 3%)  p95=  2.23% (<= 10%)  PASS
========================================================================
does NOT meet all Zhang Table 1 requirements.

Saved: result_1192k_joint_r5r4_joint_dopt_32.pt
