R22 (k1): A=2.490e+21  Ea=48749 cal/mol
R26 (k2): A=7.590e+10  Ea=7270 cal/mol

Running nominal OH profile (1 ms, const-P) ...
  OH_peak = 77.5 ppm  at t = 0.0126 ms

Selected OH target times:
  1. rise (50% up)           t = 0.0029 ms   OH ~ 39.8 ppm
  2. peak                    t = 0.0126 ms   OH ~ 77.5 ppm
  3. mid-decay (33% down)    t = 0.1605 ms   OH ~ 60.0 ppm

Resuming idx 40000/40000: 40000 valid, 0 dropped, 0 failed

Shapes: X=(40000, 4)  Y=(40000, 3)  (failed=0)
Split: train=32000  val=4000  test=4000

Training (1192 K OH, 3-pt: rise/peak/mid-decay, GELU) ...
  ep     1 | train 5.0960e+07 | val 6.5837e+03 | gap 0.000 | wd 5.0e-07 | lr 3.0e-02
  ep   500 | train 3.1097e-01 | val 3.0671e-01 | gap 0.986 | wd 1.0e-08 | lr 3.0e-02
  ep  1000 | train 7.1697e-02 | val 7.3732e-02 | gap 1.028 | wd 1.0e-08 | lr 3.0e-02
  ep  1500 | train 5.0330e-02 | val 4.8066e-02 | gap 0.955 | wd 2.0e-08 | lr 3.0e-02
  ep  2000 | train 3.7095e-02 | val 3.5849e-02 | gap 0.966 | wd 1.0e-08 | lr 1.5e-02
  ep  2500 | train 3.4665e-02 | val 3.5005e-02 | gap 1.010 | wd 1.0e-08 | lr 7.5e-03
  ep  3000 | train 3.3203e-02 | val 3.3302e-02 | gap 1.003 | wd 1.0e-08 | lr 7.5e-03
  ep  3500 | train 3.2115e-02 | val 3.2447e-02 | gap 1.010 | wd 1.0e-08 | lr 3.7e-03
  ep  4000 | train 3.0875e-02 | val 3.0827e-02 | gap 0.998 | wd 1.0e-08 | lr 1.9e-03
  ep  4500 | train 3.0710e-02 | val 3.0848e-02 | gap 1.004 | wd 1.0e-08 | lr 9.4e-04
  ep  5000 | train 3.0599e-02 | val 3.0506e-02 | gap 0.997 | wd 1.0e-08 | lr 4.7e-04
Done in 17.8 min.  Best val: 3.0440e-02

========================================================================
  1192 K OH — 3-pt (rise/peak/mid-decay)  |  Zhang Table 1
========================================================================
  Set 1  sigma=0.1  N=661    mean=  1.95% (<= 1%)  p95=  6.16% (<= 2%)  FAIL
  Set 2  sigma=0.3  N=659    mean=  2.81% (<= 2%)  p95= 10.78% (<= 5%)  FAIL
  Set 3  sigma=0.5  N=2680   mean=  3.38% (<= 3%)  p95= 13.46% (<= 10%)  FAIL
========================================================================
does NOT meet all Zhang Table 1 requirements.

Per-target mean relative error (%):
  1. rise (50% up)          t=0.0029 ms   err=1.35%
  2. peak                   t=0.0126 ms   err=2.49%
  3. mid-decay (33% down)   t=0.1605 ms   err=5.32%

Saved: result_1192k_oh_relu_train_32.pt
