R1 (k1): A=2.490e+21  Ea=48749 cal/mol
R2 (k2): A=7.590e+10  Ea=7270 cal/mol
R5 (k5): A=3.340e+01  b=+2.42  Ea=-1930 cal/mol

Running nominal profiles (1 ms, const-P) ...
/home/yk/h2o2_toy/nn_toy_1192k_joint_train_r5_joint_a.py:135: DeprecationWarning: ReactorBase.__init__: After Cantera 3.2, the default value of the `clone` argument will be `True`, resulting in an independent copy of the `phase` being created for use by this reactor. Add the `clone=False` argument to retain the old behavior of sharing `Solution` objects.
  reactor = ct.IdealGasConstPressureReactor(gas, energy='on')
/home/yk/h2o2_toy/nn_toy_1192k_joint_train_r5_joint_a.py:141: DeprecationWarning: ReactorBase.thermo: To be removed after Cantera 3.2. Renamed to `phase`.
  profiles[j][k] = reactor.thermo.X[idx]
  OH_peak = 77.5 ppm  at t = 0.0126 ms
  H2O initial = 1360.0 ppm   H2O plateau = 3556.8 ppm
  OH time window: 1.0 µs to 1.0000 ms
  H2O time window: 1.0 µs to 1.0000 ms

Computing sensitivities (OH on fine grid, H2O on coarse grid) ...
/home/yk/h2o2_toy/nn_toy_1192k_joint_train_r5_joint_a.py:176: DeprecationWarning: class Arrhenius: To be removed after Cantera 3.2. Replace with 'ArrheniusRate'
  r.rate.low_rate = ct.Arrhenius(lr.pre_exponential_factor*f, lr.temperature_exponent, lr.activation_energy)
/home/yk/h2o2_toy/nn_toy_1192k_joint_train_r5_joint_a.py:181: DeprecationWarning: ReactorBase.__init__: After Cantera 3.2, the default value of the `clone` argument will be `True`, resulting in an independent copy of the `phase` being created for use by this reactor. Add the `clone=False` argument to retain the old behavior of sharing `Solution` objects.
  rr = ct.IdealGasConstPressureReactor(g, energy='on'); net = ct.ReactorNet([rr]); oh = g.species_index('OH')
/home/yk/h2o2_toy/nn_toy_1192k_joint_train_r5_joint_a.py:183: DeprecationWarning: ReactorBase.thermo: To be removed after Cantera 3.2. Renamed to `phase`.
  for k in range(N_FINE): net.advance(T_FINE[k]); out[k] = rr.thermo.X[oh]
/home/yk/h2o2_toy/nn_toy_1192k_joint_train_r5_joint_a.py:178: DeprecationWarning: class Arrhenius: To be removed after Cantera 3.2. Replace with 'ArrheniusRate'
  r.rate = ct.Arrhenius(r.rate.pre_exponential_factor*f, r.rate.temperature_exponent, r.rate.activation_energy)
/home/yk/h2o2_toy/nn_toy_1192k_joint_train_r5_joint_a.py:193: DeprecationWarning: class Arrhenius: To be removed after Cantera 3.2. Replace with 'ArrheniusRate'
  r.rate.low_rate = ct.Arrhenius(lr.pre_exponential_factor*f,
/home/yk/h2o2_toy/nn_toy_1192k_joint_train_r5_joint_a.py:200: DeprecationWarning: ReactorBase.__init__: After Cantera 3.2, the default value of the `clone` argument will be `True`, resulting in an independent copy of the `phase` being created for use by this reactor. Add the `clone=False` argument to retain the old behavior of sharing `Solution` objects.
  rr = ct.IdealGasConstPressureReactor(g, energy='on')
/home/yk/h2o2_toy/nn_toy_1192k_joint_train_r5_joint_a.py:204: DeprecationWarning: ReactorBase.thermo: To be removed after Cantera 3.2. Renamed to `phase`.
  net.advance(T_SIM[k]); out[k] = rr.thermo.X[h2o]
/home/yk/h2o2_toy/nn_toy_1192k_joint_train_r5_joint_a.py:196: DeprecationWarning: class Arrhenius: To be removed after Cantera 3.2. Replace with 'ArrheniusRate'
  r.rate = ct.Arrhenius(r.rate.pre_exponential_factor*f,

OH target probes (window 1.0 µs .. 1.0000 ms, TRUE joint D-optimal, k1/k2/k5):
  1. OH D-opt @ 0.0021 ms            OH ~ 30.80 ppm
  2. OH D-opt @ 0.0262 ms            OH ~ 68.74 ppm
  3. OH D-opt @ 0.0903 ms            OH ~ 61.54 ppm
  4. OH D-opt @ 0.7513 ms            OH ~ 31.86 ppm

H2O target probes (window 1.0 µs .. 1.0000 ms, TRUE joint D-optimal, k1/k2/k5):
  1. H2O D-opt @ 0.0427 ms           H2O ~ 1925.99 ppm
  2. H2O D-opt @ 0.0928 ms           H2O ~ 2457.13 ppm
  3. H2O D-opt @ 0.1428 ms           H2O ~ 2822.00 ppm
/home/yk/h2o2_toy/nn_toy_1192k_joint_train_r5_joint_a.py:319: UserWarning: The balance properties of Sobol' points require n to be a power of 2.
  base    = sampler.random(n_total)

Starting fresh: 40000 simulations
/home/yk/h2o2_toy/nn_toy_1192k_joint_train_r5_joint_a.py:342: DeprecationWarning: class Arrhenius: To be removed after Cantera 3.2. Replace with 'ArrheniusRate'
  rxn1.rate.low_rate = ct.Arrhenius(new_A_R1, NOMINAL_B_R1, new_Ea_R1)
/home/yk/h2o2_toy/nn_toy_1192k_joint_train_r5_joint_a.py:348: DeprecationWarning: class Arrhenius: To be removed after Cantera 3.2. Replace with 'ArrheniusRate'
  rxn2.rate = ct.Arrhenius(new_A_R2, NOMINAL_B_R2, new_Ea_R2)
/home/yk/h2o2_toy/nn_toy_1192k_joint_train_r5_joint_a.py:354: DeprecationWarning: class Arrhenius: To be removed after Cantera 3.2. Replace with 'ArrheniusRate'
  rxn5.rate = ct.Arrhenius(new_A_R5, NOMINAL_B_R5, new_Ea_R5)
/home/yk/h2o2_toy/nn_toy_1192k_joint_train_r5_joint_a.py:358: DeprecationWarning: ReactorBase.__init__: After Cantera 3.2, the default value of the `clone` argument will be `True`, resulting in an independent copy of the `phase` being created for use by this reactor. Add the `clone=False` argument to retain the old behavior of sharing `Solution` objects.
  reactor  = ct.IdealGasConstPressureReactor(gas, energy='on')
/home/yk/h2o2_toy/nn_toy_1192k_joint_train_r5_joint_a.py:371: DeprecationWarning: ReactorBase.thermo: To be removed after Cantera 3.2. Renamed to `phase`.
  y_oh[out_pos]  = reactor.thermo.X[oh_idx]
/home/yk/h2o2_toy/nn_toy_1192k_joint_train_r5_joint_a.py:373: DeprecationWarning: ReactorBase.thermo: To be removed after Cantera 3.2. Renamed to `phase`.
  y_h2o[out_pos] = reactor.thermo.X[h2o_idx]
  2000/40000  183.2 sim/s  failed=0
  4000/40000  182.6 sim/s  failed=0
  6000/40000  182.2 sim/s  failed=0
  8000/40000  181.3 sim/s  failed=0
  10000/40000  180.3 sim/s  failed=0
  12000/40000  179.4 sim/s  failed=0
  14000/40000  178.7 sim/s  failed=0
  16000/40000  177.9 sim/s  failed=0
  18000/40000  177.1 sim/s  failed=0
  20000/40000  176.3 sim/s  failed=0
  22000/40000  175.7 sim/s  failed=0
  24000/40000  174.9 sim/s  failed=0
  26000/40000  174.3 sim/s  failed=0
  28000/40000  173.7 sim/s  failed=0
  30000/40000  173.1 sim/s  failed=0
  32000/40000  172.5 sim/s  failed=0
  34000/40000  172.0 sim/s  failed=0
  36000/40000  171.5 sim/s  failed=0
  38000/40000  171.0 sim/s  failed=0
  40000/40000  169.4 sim/s  failed=0

Shapes: X=(40000, 6)  Y=(40000, 7)  (failed=0)
  OH outputs:  columns 0..3
  H2O outputs: columns 4..6
Split: train=32000  val=4000  test=4000

Training (1192 K joint OH+H2O+k5, 4-pt OH / 3-pt H2O, OH: 1us-1.0000ms [fixed] / H2O: 1us-1.0000ms [fixed, TRUE JOINT D-OPT]) ...
  ep     1 | train 7.4412e+03 | val 1.0091e+01 | gap 0.001 | wd 5.0e-07 | lr 3.0e-02
  ep   500 | train 1.0895e-01 | val 9.4979e-02 | gap 0.872 | wd 1.0e-08 | lr 3.0e-02
  ep  1000 | train 3.4525e-02 | val 3.3615e-02 | gap 0.974 | wd 1.0e-08 | lr 7.5e-03
  ep  1500 | train 2.9484e-02 | val 2.8437e-02 | gap 0.964 | wd 1.0e-08 | lr 3.7e-03
  ep  2000 | train 2.8093e-02 | val 2.7546e-02 | gap 0.981 | wd 1.0e-08 | lr 3.7e-03
  ep  2500 | train 2.7523e-02 | val 2.7363e-02 | gap 0.994 | wd 1.0e-08 | lr 3.7e-03
  ep  3000 | train 2.6454e-02 | val 2.5993e-02 | gap 0.983 | wd 1.0e-08 | lr 1.9e-03
  ep  3500 | train 2.5927e-02 | val 2.5855e-02 | gap 0.997 | wd 1.0e-08 | lr 9.4e-04
  ep  4000 | train 2.5674e-02 | val 2.5462e-02 | gap 0.992 | wd 1.0e-08 | lr 2.3e-04
  ep  4500 | train 2.5621e-02 | val 2.5376e-02 | gap 0.990 | wd 1.0e-08 | lr 1.2e-04
  ep  5000 | train 2.5598e-02 | val 2.5325e-02 | gap 0.989 | wd 1.0e-08 | lr 2.9e-05
Done in 57.1 min.  Best val: 2.5310e-02

========================================================================
  1192 K Joint (OH + H2O), 3 active params (k1,k2,k5, TRUE JOINT D-OPT)  |  Zhang Table 1
========================================================================

OH accuracy:
  Set 1  sigma=0.1  N=661    mean=  0.67% (<= 1%)  p95=  2.31% (<= 2%)  FAIL
  Set 2  sigma=0.3  N=659    mean=  1.45% (<= 2%)  p95=  5.19% (<= 5%)  FAIL
  Set 3  sigma=0.5  N=2680   mean=  2.76% (<= 3%)  p95= 10.09% (<= 10%)  FAIL

H2O accuracy:
  Set 1  sigma=0.1  N=661    mean=  0.15% (<= 1%)  p95=  0.42% (<= 2%)  PASS
  Set 2  sigma=0.3  N=659    mean=  0.28% (<= 2%)  p95=  0.85% (<= 5%)  PASS
  Set 3  sigma=0.5  N=2680   mean=  0.45% (<= 3%)  p95=  1.28% (<= 10%)  PASS
========================================================================
does NOT meet all Zhang Table 1 requirements.

Saved: result_1192k_joint_r5_joint_dopt_a.pt
