R1 (k1): A=2.490e+21  Ea=48749 cal/mol
R2 (k2): A=7.590e+10  Ea=7270 cal/mol
R5 (k5): A=3.340e+01  b=+2.42  Ea=-1930 cal/mol
R4 (k4): A=2.890e+10  b=+0.00  Ea=-497 cal/mol

Running nominal profiles (1 ms, const-P) ...
/home/yk/h2o2_toy/nn_toy_1192k_joint_train_r5r4unnf_joint.py:145: DeprecationWarning: ReactorBase.__init__: After Cantera 3.2, the default value of the `clone` argument will be `True`, resulting in an independent copy of the `phase` being created for use by this reactor. Add the `clone=False` argument to retain the old behavior of sharing `Solution` objects.
  reactor = ct.IdealGasConstPressureReactor(gas, energy='on')
/home/yk/h2o2_toy/nn_toy_1192k_joint_train_r5r4unnf_joint.py:151: DeprecationWarning: ReactorBase.thermo: To be removed after Cantera 3.2. Renamed to `phase`.
  profiles[j][k] = reactor.thermo.X[idx]
  OH_peak = 77.5 ppm  at t = 0.0126 ms
  H2O initial = 1360.0 ppm   H2O plateau = 3556.8 ppm
  OH time window: 1.0 µs to 1.0000 ms
  H2O time window: 1.0 µs to 1.0000 ms

Computing sensitivities (OH on fine grid, H2O on coarse grid) ...
/home/yk/h2o2_toy/nn_toy_1192k_joint_train_r5r4unnf_joint.py:186: DeprecationWarning: class Arrhenius: To be removed after Cantera 3.2. Replace with 'ArrheniusRate'
  r.rate.low_rate = ct.Arrhenius(lr.pre_exponential_factor*f, lr.temperature_exponent, lr.activation_energy)
/home/yk/h2o2_toy/nn_toy_1192k_joint_train_r5r4unnf_joint.py:191: DeprecationWarning: ReactorBase.__init__: After Cantera 3.2, the default value of the `clone` argument will be `True`, resulting in an independent copy of the `phase` being created for use by this reactor. Add the `clone=False` argument to retain the old behavior of sharing `Solution` objects.
  rr = ct.IdealGasConstPressureReactor(g, energy='on'); net = ct.ReactorNet([rr]); oh = g.species_index('OH')
/home/yk/h2o2_toy/nn_toy_1192k_joint_train_r5r4unnf_joint.py:193: DeprecationWarning: ReactorBase.thermo: To be removed after Cantera 3.2. Renamed to `phase`.
  for k in range(N_FINE): net.advance(T_FINE[k]); out[k] = rr.thermo.X[oh]
/home/yk/h2o2_toy/nn_toy_1192k_joint_train_r5r4unnf_joint.py:188: DeprecationWarning: class Arrhenius: To be removed after Cantera 3.2. Replace with 'ArrheniusRate'
  r.rate = ct.Arrhenius(r.rate.pre_exponential_factor*f, r.rate.temperature_exponent, r.rate.activation_energy)
/home/yk/h2o2_toy/nn_toy_1192k_joint_train_r5r4unnf_joint.py:203: DeprecationWarning: class Arrhenius: To be removed after Cantera 3.2. Replace with 'ArrheniusRate'
  r.rate.low_rate = ct.Arrhenius(lr.pre_exponential_factor*f,
/home/yk/h2o2_toy/nn_toy_1192k_joint_train_r5r4unnf_joint.py:210: DeprecationWarning: ReactorBase.__init__: After Cantera 3.2, the default value of the `clone` argument will be `True`, resulting in an independent copy of the `phase` being created for use by this reactor. Add the `clone=False` argument to retain the old behavior of sharing `Solution` objects.
  rr = ct.IdealGasConstPressureReactor(g, energy='on')
/home/yk/h2o2_toy/nn_toy_1192k_joint_train_r5r4unnf_joint.py:214: DeprecationWarning: ReactorBase.thermo: To be removed after Cantera 3.2. Renamed to `phase`.
  net.advance(T_SIM[k]); out[k] = rr.thermo.X[h2o]
/home/yk/h2o2_toy/nn_toy_1192k_joint_train_r5r4unnf_joint.py:206: DeprecationWarning: class Arrhenius: To be removed after Cantera 3.2. Replace with 'ArrheniusRate'
  r.rate = ct.Arrhenius(r.rate.pre_exponential_factor*f,

OH target probes (window 1.0 µs .. 1.0000 ms, TRUE joint D-optimal, k1/k2/k5/k4):
  1. OH D-opt @ 0.0239 ms            OH ~ 70.17 ppm
  2. OH D-opt @ 0.0833 ms            OH ~ 61.66 ppm
  3. OH D-opt @ 0.7752 ms            OH ~ 30.87 ppm
  4. OH D-opt @ 0.7974 ms            OH ~ 30.00 ppm

H2O target probes (window 1.0 µs .. 1.0000 ms, TRUE joint D-optimal, k1/k2/k5/k4):
  1. H2O D-opt @ 0.0129 ms           H2O ~ 1494.61 ppm
  2. H2O D-opt @ 0.0928 ms           H2O ~ 2457.13 ppm
  3. H2O D-opt @ 0.9909 ms           H2O ~ 3556.77 ppm
/home/yk/h2o2_toy/nn_toy_1192k_joint_train_r5r4unnf_joint.py:346: UserWarning: The balance properties of Sobol' points require n to be a power of 2.
  base    = sampler.random(n_total)

Resuming idx 12000/40000: 12000 valid, 0 dropped, 0 failed
/home/yk/h2o2_toy/nn_toy_1192k_joint_train_r5r4unnf_joint.py:369: DeprecationWarning: class Arrhenius: To be removed after Cantera 3.2. Replace with 'ArrheniusRate'
  rxn1.rate.low_rate = ct.Arrhenius(new_A_R1, NOMINAL_B_R1, new_Ea_R1)
/home/yk/h2o2_toy/nn_toy_1192k_joint_train_r5r4unnf_joint.py:375: DeprecationWarning: class Arrhenius: To be removed after Cantera 3.2. Replace with 'ArrheniusRate'
  rxn2.rate = ct.Arrhenius(new_A_R2, NOMINAL_B_R2, new_Ea_R2)
/home/yk/h2o2_toy/nn_toy_1192k_joint_train_r5r4unnf_joint.py:381: DeprecationWarning: class Arrhenius: To be removed after Cantera 3.2. Replace with 'ArrheniusRate'
  rxn5.rate = ct.Arrhenius(new_A_R5, NOMINAL_B_R5, new_Ea_R5)
/home/yk/h2o2_toy/nn_toy_1192k_joint_train_r5r4unnf_joint.py:387: DeprecationWarning: class Arrhenius: To be removed after Cantera 3.2. Replace with 'ArrheniusRate'
  rxn4.rate = ct.Arrhenius(new_A_R4, NOMINAL_B_R4, new_Ea_R4)
/home/yk/h2o2_toy/nn_toy_1192k_joint_train_r5r4unnf_joint.py:391: DeprecationWarning: ReactorBase.__init__: After Cantera 3.2, the default value of the `clone` argument will be `True`, resulting in an independent copy of the `phase` being created for use by this reactor. Add the `clone=False` argument to retain the old behavior of sharing `Solution` objects.
  reactor  = ct.IdealGasConstPressureReactor(gas, energy='on')
/home/yk/h2o2_toy/nn_toy_1192k_joint_train_r5r4unnf_joint.py:406: DeprecationWarning: ReactorBase.thermo: To be removed after Cantera 3.2. Renamed to `phase`.
  y_h2o[out_pos] = reactor.thermo.X[h2o_idx]
/home/yk/h2o2_toy/nn_toy_1192k_joint_train_r5r4unnf_joint.py:404: DeprecationWarning: ReactorBase.thermo: To be removed after Cantera 3.2. Renamed to `phase`.
  y_oh[out_pos]  = reactor.thermo.X[oh_idx]
  14000/40000  177.4 sim/s  failed=0
  16000/40000  174.6 sim/s  failed=0
  18000/40000  173.3 sim/s  failed=0
  20000/40000  172.3 sim/s  failed=0
  22000/40000  171.6 sim/s  failed=0
  24000/40000  171.0 sim/s  failed=0
  26000/40000  170.4 sim/s  failed=0
  28000/40000  169.8 sim/s  failed=0
  30000/40000  169.3 sim/s  failed=0
  32000/40000  168.8 sim/s  failed=0
  34000/40000  168.4 sim/s  failed=0
  36000/40000  167.9 sim/s  failed=0
  38000/40000  167.3 sim/s  failed=0
  40000/40000  166.3 sim/s  failed=0

Shapes: X=(40000, 8)  Y=(40000, 7)  (failed=0)
  OH outputs:  columns 0..3
  H2O outputs: columns 4..6
Split: train=32000  val=4000  test=4000

Training (1192 K joint OH+H2O+k5+k4, 4-pt OH / 3-pt H2O, OH: 1us-1.0000ms [fixed] / H2O: 1us-1.0000ms [fixed, TRUE JOINT D-OPT]) ...
  ep     1 | train 7.2351e+03 | val 3.3946e+01 | gap 0.005 | wd 5.0e-07 | lr 3.0e-02
  ep   500 | train 1.3335e-01 | val 1.2704e-01 | gap 0.953 | wd 2.0e-08 | lr 3.0e-02
  ep  1000 | train 1.0829e-01 | val 1.5275e-01 | gap 1.411 | wd 2.0e-08 | lr 3.0e-02
  ep  1500 | train 4.2642e-02 | val 4.1540e-02 | gap 0.974 | wd 1.0e-08 | lr 7.5e-03
  ep  2000 | train 3.8968e-02 | val 3.9253e-02 | gap 1.007 | wd 1.0e-08 | lr 1.9e-03
  ep  2500 | train 3.7950e-02 | val 3.7967e-02 | gap 1.000 | wd 1.0e-08 | lr 4.7e-04
  ep  3000 | train 3.7732e-02 | val 3.7807e-02 | gap 1.002 | wd 1.0e-08 | lr 2.3e-04
  ep  3500 | train 3.7611e-02 | val 3.7670e-02 | gap 1.002 | wd 1.0e-08 | lr 1.2e-04
  ep  4000 | train 3.7569e-02 | val 3.7662e-02 | gap 1.002 | wd 1.0e-08 | lr 2.9e-05
  ep  4500 | train 3.7557e-02 | val 3.7661e-02 | gap 1.003 | wd 1.0e-08 | lr 7.3e-06
  ep  5000 | train 3.7551e-02 | val 3.7658e-02 | gap 1.003 | wd 1.0e-08 | lr 1.0e-06
Done in 25.7 min.  Best val: 3.7653e-02

========================================================================
  1192 K Joint (OH + H2O), 4 active params (k1,k2,k5,k4, TRUE JOINT D-OPT)  |  Zhang Table 1
========================================================================

OH accuracy:
  Set 1  sigma=0.1  N=661    mean=  0.82% (<= 1%)  p95=  2.42% (<= 2%)  FAIL
  Set 2  sigma=0.3  N=659    mean=  2.22% (<= 2%)  p95=  6.36% (<= 5%)  FAIL
  Set 3  sigma=0.5  N=2680   mean=  4.05% (<= 3%)  p95= 13.24% (<= 10%)  FAIL

H2O accuracy:
  Set 1  sigma=0.1  N=661    mean=  0.17% (<= 1%)  p95=  0.59% (<= 2%)  PASS
  Set 2  sigma=0.3  N=659    mean=  0.39% (<= 2%)  p95=  1.38% (<= 5%)  PASS
  Set 3  sigma=0.5  N=2680   mean=  0.62% (<= 3%)  p95=  2.05% (<= 10%)  PASS
========================================================================
does NOT meet all Zhang Table 1 requirements.

Saved: result_1192k_joint_r5r4unnf_joint_dopt_32.pt
