R1: A=2.490e+21  Ea=48749 cal/mol
R2: A=7.590e+10  Ea=7270 cal/mol

Running nominal H2O profile (1 ms) ...
  H2O initial = 1365.3 ppm   H2O plateau = 3555.1 ppm
H2O targets (window 10.0 µs .. 0.40 ms):
  H2O D-opt @ 0.0150 ms   H2O ~ 1531.4 ppm   S_k1=+0.104  S_k2=+0.037
  H2O D-opt @ 0.0930 ms   H2O ~ 2460.8 ppm   S_k1=+0.293  S_k2=+0.011
  H2O D-opt @ 0.1230 ms   H2O ~ 2695.4 ppm   S_k1=+0.283  S_k2=+0.008

Starting fresh: 40000 simulations
  2000/40000  121.4 sim/s  failed=0
  4000/40000  121.2 sim/s  failed=0
  6000/40000  121.0 sim/s  failed=0
  8000/40000  120.6 sim/s  failed=0
  10000/40000  120.4 sim/s  failed=0
  12000/40000  120.1 sim/s  failed=0
  14000/40000  119.8 sim/s  failed=0
  16000/40000  119.5 sim/s  failed=0
  18000/40000  119.2 sim/s  failed=0
  20000/40000  119.0 sim/s  failed=0
  22000/40000  118.7 sim/s  failed=0
  24000/40000  118.1 sim/s  failed=0
  26000/40000  117.2 sim/s  failed=0
  28000/40000  116.4 sim/s  failed=0
  30000/40000  114.8 sim/s  failed=0
  32000/40000  111.9 sim/s  failed=0
  34000/40000  109.4 sim/s  failed=0
  36000/40000  107.2 sim/s  failed=0
  38000/40000  105.3 sim/s  failed=0
  40000/40000  103.6 sim/s  failed=0

Shapes: X=(40000, 4)  Y=(40000, 3)  (failed=0)
Split: train=32000  val=4000  test=4000

Training (1192 K H2O, 3-pt: constrained to 0.1 µs - 0.1 ms) ...
  ep     1 | train 9.5771e+01 | val 6.9533e-01 | gap 0.007 | wd 5.0e-07 | lr 3.0e-02
  ep   500 | train 1.7053e-02 | val 1.2777e-02 | gap 0.749 | wd 1.0e-08 | lr 1.5e-02
  ep  1000 | train 1.0043e-02 | val 8.9244e-03 | gap 0.889 | wd 1.0e-08 | lr 7.5e-03
  ep  1500 | train 5.2878e-03 | val 5.3844e-03 | gap 1.018 | wd 2.0e-08 | lr 7.5e-03
  ep  2000 | train 4.2090e-03 | val 4.1180e-03 | gap 0.978 | wd 1.0e-08 | lr 1.9e-03
  ep  2500 | train 4.0029e-03 | val 3.9785e-03 | gap 0.994 | wd 1.0e-08 | lr 4.7e-04
  ep  3000 | train 3.9532e-03 | val 3.9581e-03 | gap 1.001 | wd 1.0e-08 | lr 1.2e-04
  ep  3500 | train 3.9545e-03 | val 3.9500e-03 | gap 0.999 | wd 1.0e-08 | lr 5.9e-05
  ep  4000 | train 3.9451e-03 | val 3.9470e-03 | gap 1.000 | wd 1.0e-08 | lr 2.9e-05
  ep  4500 | train 3.9414e-03 | val 3.9417e-03 | gap 1.000 | wd 1.0e-08 | lr 1.5e-05
  ep  5000 | train 3.9402e-03 | val 3.9400e-03 | gap 1.000 | wd 1.0e-08 | lr 3.7e-06
Done in 35.3 min.  Best val: 3.9392e-03

========================================================================
  1192 K H2O — 3-pt (constrained)  |  Zhang Table 1
========================================================================
  Set 1  sigma=0.1  N=661    mean=  0.18% (<= 1%)  p95=  0.63% (<= 2%)  PASS
  Set 2  sigma=0.3  N=659    mean=  0.34% (<= 2%)  p95=  1.05% (<= 5%)  PASS
  Set 3  sigma=0.5  N=2680   mean=  0.48% (<= 3%)  p95=  1.47% (<= 10%)  PASS
========================================================================
MEETS all Zhang Table 1 requirements.

Per-target mean relative error (%):
  1. H2O D-opt @ 0.0150 ms          t=0.0150 ms   err=0.44%
  2. H2O D-opt @ 0.0930 ms          t=0.0930 ms   err=0.39%
  3. H2O D-opt @ 0.1230 ms          t=0.1230 ms   err=0.39%

Saved: result_1192k_h2o_train_S_rev.pt
