R1 (k1): A=2.490e+21  Ea=48749 cal/mol
R2 (k2): A=7.590e+10  Ea=7270 cal/mol
R5 (k5): A=3.340e+01  b=+2.42  Ea=-1930 cal/mol

Running nominal profiles (1 ms, const-P) ...
/home/yk/h2o2_toy/nn_toy_1192k_joint_train_r5_joint.py:135: DeprecationWarning: ReactorBase.__init__: After Cantera 3.2, the default value of the `clone` argument will be `True`, resulting in an independent copy of the `phase` being created for use by this reactor. Add the `clone=False` argument to retain the old behavior of sharing `Solution` objects.
  reactor = ct.IdealGasConstPressureReactor(gas, energy='on')
/home/yk/h2o2_toy/nn_toy_1192k_joint_train_r5_joint.py:141: DeprecationWarning: ReactorBase.thermo: To be removed after Cantera 3.2. Renamed to `phase`.
  profiles[j][k] = reactor.thermo.X[idx]
  OH_peak = 77.5 ppm  at t = 0.0126 ms
  H2O initial = 1360.0 ppm   H2O plateau = 3556.8 ppm
  OH time window: 1.0 µs to 1.0000 ms
  H2O time window: 1.0 µs to 1.0000 ms

Computing sensitivities (OH on fine grid, H2O on coarse grid) ...
/home/yk/h2o2_toy/nn_toy_1192k_joint_train_r5_joint.py:176: DeprecationWarning: class Arrhenius: To be removed after Cantera 3.2. Replace with 'ArrheniusRate'
  r.rate.low_rate = ct.Arrhenius(lr.pre_exponential_factor*f, lr.temperature_exponent, lr.activation_energy)
/home/yk/h2o2_toy/nn_toy_1192k_joint_train_r5_joint.py:181: DeprecationWarning: ReactorBase.__init__: After Cantera 3.2, the default value of the `clone` argument will be `True`, resulting in an independent copy of the `phase` being created for use by this reactor. Add the `clone=False` argument to retain the old behavior of sharing `Solution` objects.
  rr = ct.IdealGasConstPressureReactor(g, energy='on'); net = ct.ReactorNet([rr]); oh = g.species_index('OH')
/home/yk/h2o2_toy/nn_toy_1192k_joint_train_r5_joint.py:183: DeprecationWarning: ReactorBase.thermo: To be removed after Cantera 3.2. Renamed to `phase`.
  for k in range(N_FINE): net.advance(T_FINE[k]); out[k] = rr.thermo.X[oh]
/home/yk/h2o2_toy/nn_toy_1192k_joint_train_r5_joint.py:178: DeprecationWarning: class Arrhenius: To be removed after Cantera 3.2. Replace with 'ArrheniusRate'
  r.rate = ct.Arrhenius(r.rate.pre_exponential_factor*f, r.rate.temperature_exponent, r.rate.activation_energy)
/home/yk/h2o2_toy/nn_toy_1192k_joint_train_r5_joint.py:193: DeprecationWarning: class Arrhenius: To be removed after Cantera 3.2. Replace with 'ArrheniusRate'
  r.rate.low_rate = ct.Arrhenius(lr.pre_exponential_factor*f,
/home/yk/h2o2_toy/nn_toy_1192k_joint_train_r5_joint.py:200: DeprecationWarning: ReactorBase.__init__: After Cantera 3.2, the default value of the `clone` argument will be `True`, resulting in an independent copy of the `phase` being created for use by this reactor. Add the `clone=False` argument to retain the old behavior of sharing `Solution` objects.
  rr = ct.IdealGasConstPressureReactor(g, energy='on')
/home/yk/h2o2_toy/nn_toy_1192k_joint_train_r5_joint.py:204: DeprecationWarning: ReactorBase.thermo: To be removed after Cantera 3.2. Renamed to `phase`.
  net.advance(T_SIM[k]); out[k] = rr.thermo.X[h2o]
/home/yk/h2o2_toy/nn_toy_1192k_joint_train_r5_joint.py:196: DeprecationWarning: class Arrhenius: To be removed after Cantera 3.2. Replace with 'ArrheniusRate'
  r.rate = ct.Arrhenius(r.rate.pre_exponential_factor*f,

OH target probes (window 1.0 µs .. 1.0000 ms, TRUE joint D-optimal, k1/k2/k5):
  1. OH D-opt @ 0.0021 ms            OH ~ 30.80 ppm
  2. OH D-opt @ 0.0262 ms            OH ~ 68.74 ppm
  3. OH D-opt @ 0.0903 ms            OH ~ 61.54 ppm
  4. OH D-opt @ 0.7513 ms            OH ~ 31.86 ppm

H2O target probes (window 1.0 µs .. 1.0000 ms, TRUE joint D-optimal, k1/k2/k5):
  1. H2O D-opt @ 0.0826 ms           H2O ~ 2364.25 ppm
  2. H2O D-opt @ 0.0877 ms           H2O ~ 2411.57 ppm
  3. H2O D-opt @ 0.0928 ms           H2O ~ 2457.13 ppm
/home/yk/h2o2_toy/nn_toy_1192k_joint_train_r5_joint.py:319: UserWarning: The balance properties of Sobol' points require n to be a power of 2.
  base    = sampler.random(n_total)

Resuming idx 40000/40000: 40000 valid, 0 dropped, 0 failed

Shapes: X=(40000, 6)  Y=(40000, 7)  (failed=0)
  OH outputs:  columns 0..3
  H2O outputs: columns 4..6
Split: train=32000  val=4000  test=4000

Training (1192 K joint OH+H2O+k5, 4-pt OH / 3-pt H2O, OH: 1us-1.0000ms [fixed] / H2O: 1us-1.0000ms [fixed, TRUE JOINT D-OPT]) ...
  ep     1 | train 7.4398e+03 | val 1.0101e+01 | gap 0.001 | wd 5.0e-07 | lr 3.0e-02
  ep   500 | train 1.0550e-01 | val 1.0167e-01 | gap 0.964 | wd 2.0e-08 | lr 3.0e-02
  ep  1000 | train 5.2771e-02 | val 5.7070e-02 | gap 1.081 | wd 1.0e-08 | lr 1.5e-02
  ep  1500 | train 2.5128e-02 | val 2.4767e-02 | gap 0.986 | wd 1.0e-08 | lr 3.7e-03
  ep  2000 | train 2.4027e-02 | val 2.3485e-02 | gap 0.977 | wd 2.0e-08 | lr 3.7e-03
  ep  2500 | train 2.3577e-02 | val 2.3337e-02 | gap 0.990 | wd 1.0e-08 | lr 3.7e-03
  ep  3000 | train 2.2471e-02 | val 2.2520e-02 | gap 1.002 | wd 1.0e-08 | lr 1.9e-03
  ep  3500 | train 2.2075e-02 | val 2.2261e-02 | gap 1.008 | wd 1.0e-08 | lr 9.4e-04
  ep  4000 | train 2.1764e-02 | val 2.1675e-02 | gap 0.996 | wd 1.0e-08 | lr 2.3e-04
  ep  4500 | train 2.1736e-02 | val 2.1629e-02 | gap 0.995 | wd 1.0e-08 | lr 2.3e-04
  ep  5000 | train 2.1647e-02 | val 2.1533e-02 | gap 0.995 | wd 1.0e-08 | lr 5.9e-05
Done in 18.7 min.  Best val: 2.1509e-02

========================================================================
  1192 K Joint (OH + H2O), 3 active params (k1,k2,k5, TRUE JOINT D-OPT)  |  Zhang Table 1
========================================================================

OH accuracy:
  Set 1  sigma=0.1  N=661    mean=  0.69% (<= 1%)  p95=  2.43% (<= 2%)  FAIL
  Set 2  sigma=0.3  N=659    mean=  1.35% (<= 2%)  p95=  4.81% (<= 5%)  PASS
  Set 3  sigma=0.5  N=2680   mean=  2.25% (<= 3%)  p95=  8.47% (<= 10%)  PASS

H2O accuracy:
  Set 1  sigma=0.1  N=661    mean=  0.09% (<= 1%)  p95=  0.34% (<= 2%)  PASS
  Set 2  sigma=0.3  N=659    mean=  0.24% (<= 2%)  p95=  0.76% (<= 5%)  PASS
  Set 3  sigma=0.5  N=2680   mean=  0.44% (<= 3%)  p95=  1.32% (<= 10%)  PASS
========================================================================
does NOT meet all Zhang Table 1 requirements.

Saved: result_1192k_joint_r5_joint_dopt_32.pt
