R22 (k1): A=2.490e+21  Ea=48749 cal/mol
R26 (k2): A=7.590e+10  Ea=7270 cal/mol

Running nominal profiles (1 ms, const-P) ...
  OH_peak = 77.5 ppm  at t = 0.0126 ms
  H2O initial = 1365.3 ppm   H2O plateau = 3555.1 ppm

OH target probes (nominal):
  1. rise (50% up)           t=0.0029 ms   OH ~ 39.82 ppm
  2. [OH]_peak               t=0.0126 ms   OH ~ 77.51 ppm
  3. OH @ 2*t_peak           t=0.0252 ms   OH ~ 69.34 ppm
  4. OH @ 5*t_peak           t=0.0630 ms   OH ~ 62.13 ppm
  5. OH @ 0.5ms              t=0.5000 ms   OH ~ 45.42 ppm

H2O target probes (nominal):
  1. H2O 20% rise            t=0.0340 ms   H2O ~ 1814.49 ppm
  2. H2O 60% rise            t=0.1210 ms   H2O ~ 2681.36 ppm
  3. H2O 95% rise            t=0.3740 ms   H2O ~ 3445.91 ppm

Starting fresh: 40000 simulations
  2000/40000  191.8 sim/s  failed=0
  4000/40000  191.0 sim/s  failed=0
  6000/40000  190.6 sim/s  failed=0
  8000/40000  189.4 sim/s  failed=0
  10000/40000  188.3 sim/s  failed=0
  12000/40000  187.5 sim/s  failed=0
  14000/40000  186.6 sim/s  failed=0
  16000/40000  185.7 sim/s  failed=0
  18000/40000  184.8 sim/s  failed=0
  20000/40000  184.1 sim/s  failed=0
  22000/40000  183.4 sim/s  failed=0
  24000/40000  182.6 sim/s  failed=0
  26000/40000  182.0 sim/s  failed=0
  28000/40000  181.1 sim/s  failed=0
  30000/40000  180.3 sim/s  failed=0
  32000/40000  179.5 sim/s  failed=0
  34000/40000  178.7 sim/s  failed=0
  36000/40000  177.9 sim/s  failed=0
  38000/40000  177.2 sim/s  failed=0
  40000/40000  176.5 sim/s  failed=0

Shapes: X=(40000, 4)  Y=(40000, 8)  (failed=0)
  OH outputs:  columns 0..4
  H2O outputs: columns 5..7
Split: train=32000  val=4000  test=4000

Training (joint OH+H2O, hidden=16, w_OH=1.0, w_H2O=1.0, ReLU) ...
  ep     1 | train 1.3950e+04 | val 1.1854e+02 | gap 0.008 | wd 5.0e-07 | lr 3.0e-02
  ep   500 | train 6.5099e-02 | val 5.9516e-02 | gap 0.914 | wd 1.0e-08 | lr 3.0e-02
  ep  1000 | train 5.6037e-02 | val 5.3458e-02 | gap 0.954 | wd 1.0e-08 | lr 3.0e-02
  ep  1500 | train 4.0013e-02 | val 4.0683e-02 | gap 1.017 | wd 1.0e-08 | lr 7.5e-03
  ep  2000 | train 3.8654e-02 | val 3.8593e-02 | gap 0.998 | wd 1.0e-08 | lr 1.9e-03
  ep  2500 | train 3.8402e-02 | val 3.8191e-02 | gap 0.995 | wd 1.0e-08 | lr 4.7e-04
  ep  3000 | train 3.8344e-02 | val 3.8117e-02 | gap 0.994 | wd 1.0e-08 | lr 1.2e-04
  ep  3500 | train 3.8326e-02 | val 3.8107e-02 | gap 0.994 | wd 1.0e-08 | lr 5.9e-05
  ep  4000 | train 3.8310e-02 | val 3.8098e-02 | gap 0.994 | wd 1.0e-08 | lr 7.3e-06
  ep  4500 | train 3.8306e-02 | val 3.8100e-02 | gap 0.995 | wd 1.0e-08 | lr 1.8e-06
  ep  5000 | train 3.8306e-02 | val 3.8099e-02 | gap 0.995 | wd 1.0e-08 | lr 1.0e-06
Done in 20.6 min.  Best val: 3.8097e-02

========================================================================
  1192 K OH  (joint NN)  |  Zhang Table 1
========================================================================
  Set 1  sigma=0.1  N=661    mean=  1.03% (<= 1%)  p95=  3.44% (<= 2%)  FAIL
  Set 2  sigma=0.3  N=659    mean=  2.08% (<= 2%)  p95=  6.82% (<= 5%)  FAIL
  Set 3  sigma=0.5  N=2680   mean=  3.64% (<= 3%)  p95= 11.86% (<= 10%)  FAIL
========================================================================
does NOT meet all Zhang Table 1 requirements.

========================================================================
  1192 K H2O (joint NN)  |  Zhang Table 1
========================================================================
  Set 1  sigma=0.1  N=661    mean=  0.49% (<= 1%)  p95=  1.32% (<= 2%)  PASS
  Set 2  sigma=0.3  N=659    mean=  0.63% (<= 2%)  p95=  1.74% (<= 5%)  PASS
  Set 3  sigma=0.5  N=2680   mean=  1.02% (<= 3%)  p95=  3.14% (<= 10%)  PASS
========================================================================
MEETS all Zhang Table 1 requirements.

Per-OH-target mean relative error (%):
  1. rise (50% up)          t=0.0029 ms   err=1.57%
  2. [OH]_peak              t=0.0126 ms   err=1.81%
  3. OH @ 2*t_peak          t=0.0252 ms   err=2.96%
  4. OH @ 5*t_peak          t=0.0630 ms   err=2.91%
  5. OH @ 0.5ms             t=0.5000 ms   err=5.50%

Per-H2O-target mean relative error (%):
  1. H2O 20% rise           t=0.0340 ms   err=0.86%
  2. H2O 60% rise           t=0.1210 ms   err=0.87%
  3. H2O 95% rise           t=0.3740 ms   err=0.88%

Overall: OH FAIL  |  H2O PASS

Saved: result_1192k_joint_train.pt
