R1 (k1): A=2.490e+21  Ea=48749 cal/mol
R2 (k2): A=7.590e+10  Ea=7270 cal/mol

Running nominal profiles (1 ms, const-P) ...
  OH_peak = 77.5 ppm  at t = 0.0126 ms
  H2O initial = 1365.3 ppm   H2O plateau = 3555.1 ppm

Computing sensitivities (OH on fine grid, H2O on coarse grid) ...

OH target probes (window 10.0 µs .. 0.10 ms, joint D-optimal):
  1. OH D-opt @ 0.0100 ms            OH ~ 76.01 ppm
  2. OH D-opt @ 0.0242 ms            OH ~ 69.97 ppm
  3. OH D-opt @ 0.0902 ms            OH ~ 61.52 ppm

H2O target probes (window 10.0 µs .. 0.40 ms, joint D-optimal):
  1. H2O D-opt @ 0.0720 ms           H2O ~ 2262.30 ppm
  2. H2O D-opt @ 0.0930 ms           H2O ~ 2460.77 ppm
  3. H2O D-opt @ 0.1140 ms           H2O ~ 2630.52 ppm

Starting fresh: 40000 simulations
  2000/40000  207.6 sim/s  failed=0
  4000/40000  206.9 sim/s  failed=0
  6000/40000  206.4 sim/s  failed=0
  8000/40000  205.9 sim/s  failed=0
  10000/40000  205.2 sim/s  failed=0
  12000/40000  204.6 sim/s  failed=0
  14000/40000  204.2 sim/s  failed=0
  16000/40000  203.7 sim/s  failed=0
  18000/40000  203.1 sim/s  failed=0
  20000/40000  202.5 sim/s  failed=0
  22000/40000  201.8 sim/s  failed=0
  24000/40000  201.1 sim/s  failed=0
  26000/40000  200.6 sim/s  failed=0
  28000/40000  200.0 sim/s  failed=0
  30000/40000  199.4 sim/s  failed=0
  32000/40000  198.9 sim/s  failed=0
  34000/40000  198.3 sim/s  failed=0
  36000/40000  197.7 sim/s  failed=0
  38000/40000  197.2 sim/s  failed=0
  40000/40000  196.6 sim/s  failed=0

Shapes: X=(40000, 4)  Y=(40000, 6)  (failed=0)
  OH outputs:  columns 0..2
  H2O outputs: columns 3..5
Split: train=32000  val=4000  test=4000

Training (1192 K joint OH+H2O, 3-pt each, OH: 0.1us-0.1ms / H2O: 10us-0.4ms) ...
  ep     1 | train 6.7441e+03 | val 1.3793e+01 | gap 0.002 | wd 5.0e-07 | lr 3.0e-02
  ep   500 | train 5.5320e-02 | val 6.3789e-02 | gap 1.153 | wd 2.0e-08 | lr 3.0e-02
  ep  1000 | train 3.4172e-02 | val 2.7440e-02 | gap 0.803 | wd 1.0e-08 | lr 1.5e-02
  ep  1500 | train 2.2096e-02 | val 2.3983e-02 | gap 1.085 | wd 1.0e-08 | lr 7.5e-03
  ep  2000 | train 1.8208e-02 | val 1.7708e-02 | gap 0.973 | wd 1.0e-08 | lr 3.7e-03
  ep  2500 | train 1.7237e-02 | val 1.7299e-02 | gap 1.004 | wd 1.0e-08 | lr 1.9e-03
  ep  3000 | train 1.6922e-02 | val 1.6825e-02 | gap 0.994 | wd 1.0e-08 | lr 9.4e-04
  ep  3500 | train 1.6806e-02 | val 1.6662e-02 | gap 0.991 | wd 1.0e-08 | lr 4.7e-04
  ep  4000 | train 1.6685e-02 | val 1.6586e-02 | gap 0.994 | wd 1.0e-08 | lr 1.2e-04
  ep  4500 | train 1.6644e-02 | val 1.6561e-02 | gap 0.995 | wd 1.0e-08 | lr 1.2e-04
  ep  5000 | train 1.6607e-02 | val 1.6470e-02 | gap 0.992 | wd 1.0e-08 | lr 1.2e-04
Done in 20.8 min.  Best val: 1.6457e-02

========================================================================
  1192 K Joint (OH + H2O) — 3-pt each (constrained)  |  Zhang Table 1
========================================================================

OH accuracy:
  Set 1  sigma=0.1  N=661    mean=  0.56% (<= 1%)  p95=  1.60% (<= 2%)  PASS
  Set 2  sigma=0.3  N=659    mean=  1.00% (<= 2%)  p95=  2.96% (<= 5%)  PASS
  Set 3  sigma=0.5  N=2680   mean=  1.51% (<= 3%)  p95=  4.69% (<= 10%)  PASS

H2O accuracy:
  Set 1  sigma=0.1  N=661    mean=  0.17% (<= 1%)  p95=  0.45% (<= 2%)  PASS
  Set 2  sigma=0.3  N=659    mean=  0.32% (<= 2%)  p95=  0.90% (<= 5%)  PASS
  Set 3  sigma=0.5  N=2680   mean=  0.44% (<= 3%)  p95=  1.21% (<= 10%)  PASS
========================================================================
MEETS all Zhang Table 1 requirements.

Saved: result_1192k_joint_train_S_rev3.pt
