R22: A=2.490e+21  Ea=48749 cal/mol
R26: A=7.590e+10  Ea=7270 cal/mol

Running nominal H2O profile (1 ms) ...
  H2O initial = 1365.3 ppm   H2O plateau = 3555.1 ppm

H2O target times:
  1. 20% rise  t = 0.034 ms   H2O ≈ 1814.5 ppm
  2. 60% rise  t = 0.121 ms   H2O ≈ 2681.4 ppm
  3. 95% rise  t = 0.374 ms   H2O ≈ 3445.9 ppm

Starting fresh: 40000 simulations
  2000/40000  120.4 sim/s  failed=0
  4000/40000  120.2 sim/s  failed=0
  6000/40000  119.9 sim/s  failed=0
  8000/40000  119.6 sim/s  failed=0
  10000/40000  119.3 sim/s  failed=0
  12000/40000  118.4 sim/s  failed=0
  14000/40000  117.6 sim/s  failed=0
  16000/40000  116.9 sim/s  failed=0
  18000/40000  116.3 sim/s  failed=0
  20000/40000  115.7 sim/s  failed=0
  22000/40000  115.3 sim/s  failed=0
  24000/40000  114.8 sim/s  failed=0
  26000/40000  114.4 sim/s  failed=0
  28000/40000  114.1 sim/s  failed=0
  30000/40000  113.7 sim/s  failed=0
  32000/40000  113.4 sim/s  failed=0
  34000/40000  113.1 sim/s  failed=0
  36000/40000  112.8 sim/s  failed=0
  38000/40000  112.5 sim/s  failed=0
  40000/40000  112.3 sim/s  failed=0

Sample generation: 358.0 s  (5.97 min)  111.7 sim/s  failed=0

Shapes: X=(40000, 4)  Y=(40000, 3)  (failed=0)
Split: train=32000  val=4000  test=4000

Training (1192K H2O surrogate, 1 ms, ReLU, relative error loss) ...
  ep     1 | train 8.3971e+01 | val 7.2823e-01 | gap 0.009 | wd 5.0e-07 | lr 3.0e-02
  ep   500 | train 1.4112e-02 | val 1.4473e-02 | gap 1.026 | wd 1.0e-08 | lr 1.5e-02
  ep  1000 | train 1.0286e-02 | val 9.0504e-03 | gap 0.880 | wd 4.0e-08 | lr 1.5e-02
  ep  1500 | train 6.0564e-03 | val 8.3885e-03 | gap 1.385 | wd 2.0e-08 | lr 7.5e-03
  ep  2000 | train 5.0091e-03 | val 5.0888e-03 | gap 1.016 | wd 1.0e-08 | lr 1.9e-03
  ep  2500 | train 4.9420e-03 | val 5.0167e-03 | gap 1.015 | wd 1.0e-08 | lr 9.4e-04
  ep  3000 | train 4.8993e-03 | val 4.9879e-03 | gap 1.018 | wd 1.0e-08 | lr 4.7e-04
  ep  3500 | train 4.9026e-03 | val 4.9335e-03 | gap 1.006 | wd 1.0e-08 | lr 2.3e-04
  ep  4000 | train 4.8810e-03 | val 4.9273e-03 | gap 1.009 | wd 1.0e-08 | lr 5.9e-05
  ep  4500 | train 4.8723e-03 | val 4.9169e-03 | gap 1.009 | wd 1.0e-08 | lr 1.5e-05
  ep  5000 | train 4.8709e-03 | val 4.9154e-03 | gap 1.009 | wd 1.0e-08 | lr 3.7e-06
Done in 23.2 min.  Best val: 4.9138e-03

======================================================================
  1192K H2O surrogate  |  Zhang Table 1
======================================================================
  Set 1  σ=0.1   N=661    mean=  0.26%  (≤1%)   p95=  0.74%  (≤2%)   PASS
  Set 2  σ=0.3   N=659    mean=  0.39%  (≤2%)   p95=  1.07%  (≤5%)   PASS
  Set 3  σ=0.5   N=2680   mean=  0.58%  (≤3%)   p95=  1.85%  (≤10%)   PASS
======================================================================
MEETS all Zhang Table 1 requirements.

Per-H2O-target mean relative error (%):
  1. 20% rise  t=0.034 ms   err=0.54%
  2. 60% rise  t=0.121 ms   err=0.51%
  3. 95% rise  t=0.374 ms   err=0.45%

Saved: result_1192k_h2o_train_3pts.pt
