R1 (k1): A=2.490e+21  Ea=48749 cal/mol
R2 (k2): A=7.590e+10  Ea=7270 cal/mol
R5 (k5): A=3.340e+01  b=+2.42  Ea=-1930 cal/mol
R4 (k4): A=2.890e+10  b=+0.00  Ea=-497 cal/mol

Running nominal profiles (1 ms, const-P) ...
/home/yk/h2o2_toy/nn_toy_1192k_joint_train_r5r4unf_joint.py:145: DeprecationWarning: ReactorBase.__init__: After Cantera 3.2, the default value of the `clone` argument will be `True`, resulting in an independent copy of the `phase` being created for use by this reactor. Add the `clone=False` argument to retain the old behavior of sharing `Solution` objects.
  reactor = ct.IdealGasConstPressureReactor(gas, energy='on')
/home/yk/h2o2_toy/nn_toy_1192k_joint_train_r5r4unf_joint.py:151: DeprecationWarning: ReactorBase.thermo: To be removed after Cantera 3.2. Renamed to `phase`.
  profiles[j][k] = reactor.thermo.X[idx]
  OH_peak = 77.5 ppm  at t = 0.0126 ms
  H2O initial = 1360.0 ppm   H2O plateau = 3556.8 ppm
  OH time window: 1.0 µs to 1.0000 ms
  H2O time window: 1.0 µs to 1.0000 ms

Computing sensitivities (OH on fine grid, H2O on coarse grid) ...
/home/yk/h2o2_toy/nn_toy_1192k_joint_train_r5r4unf_joint.py:186: DeprecationWarning: class Arrhenius: To be removed after Cantera 3.2. Replace with 'ArrheniusRate'
  r.rate.low_rate = ct.Arrhenius(lr.pre_exponential_factor*f, lr.temperature_exponent, lr.activation_energy)
/home/yk/h2o2_toy/nn_toy_1192k_joint_train_r5r4unf_joint.py:191: DeprecationWarning: ReactorBase.__init__: After Cantera 3.2, the default value of the `clone` argument will be `True`, resulting in an independent copy of the `phase` being created for use by this reactor. Add the `clone=False` argument to retain the old behavior of sharing `Solution` objects.
  rr = ct.IdealGasConstPressureReactor(g, energy='on'); net = ct.ReactorNet([rr]); oh = g.species_index('OH')
/home/yk/h2o2_toy/nn_toy_1192k_joint_train_r5r4unf_joint.py:193: DeprecationWarning: ReactorBase.thermo: To be removed after Cantera 3.2. Renamed to `phase`.
  for k in range(N_FINE): net.advance(T_FINE[k]); out[k] = rr.thermo.X[oh]
/home/yk/h2o2_toy/nn_toy_1192k_joint_train_r5r4unf_joint.py:188: DeprecationWarning: class Arrhenius: To be removed after Cantera 3.2. Replace with 'ArrheniusRate'
  r.rate = ct.Arrhenius(r.rate.pre_exponential_factor*f, r.rate.temperature_exponent, r.rate.activation_energy)
/home/yk/h2o2_toy/nn_toy_1192k_joint_train_r5r4unf_joint.py:203: DeprecationWarning: class Arrhenius: To be removed after Cantera 3.2. Replace with 'ArrheniusRate'
  r.rate.low_rate = ct.Arrhenius(lr.pre_exponential_factor*f,
/home/yk/h2o2_toy/nn_toy_1192k_joint_train_r5r4unf_joint.py:210: DeprecationWarning: ReactorBase.__init__: After Cantera 3.2, the default value of the `clone` argument will be `True`, resulting in an independent copy of the `phase` being created for use by this reactor. Add the `clone=False` argument to retain the old behavior of sharing `Solution` objects.
  rr = ct.IdealGasConstPressureReactor(g, energy='on')
/home/yk/h2o2_toy/nn_toy_1192k_joint_train_r5r4unf_joint.py:214: DeprecationWarning: ReactorBase.thermo: To be removed after Cantera 3.2. Renamed to `phase`.
  net.advance(T_SIM[k]); out[k] = rr.thermo.X[h2o]
/home/yk/h2o2_toy/nn_toy_1192k_joint_train_r5r4unf_joint.py:206: DeprecationWarning: class Arrhenius: To be removed after Cantera 3.2. Replace with 'ArrheniusRate'
  r.rate = ct.Arrhenius(r.rate.pre_exponential_factor*f,

OH target probes (window 1.0 µs .. 1.0000 ms, TRUE joint D-optimal, k1/k2/k5/k4):
  1. OH D-opt @ 0.0238 ms            OH ~ 70.23 ppm
  2. OH D-opt @ 0.0833 ms            OH ~ 61.66 ppm
  3. OH D-opt @ 0.3954 ms            OH ~ 51.17 ppm
  4. OH D-opt @ 0.7752 ms            OH ~ 30.87 ppm

H2O target probes (window 1.0 µs .. 1.0000 ms, TRUE joint D-optimal, k1/k2/k5/k4):
  1. H2O D-opt @ 0.0057 ms           H2O ~ 1394.45 ppm
  2. H2O D-opt @ 0.0928 ms           H2O ~ 2457.13 ppm
  3. H2O D-opt @ 0.2738 ms           H2O ~ 3306.40 ppm
/home/yk/h2o2_toy/nn_toy_1192k_joint_train_r5r4unf_joint.py:346: UserWarning: The balance properties of Sobol' points require n to be a power of 2.
  base    = sampler.random(n_total)

Resuming idx 14000/40000: 14000 valid, 0 dropped, 0 failed
/home/yk/h2o2_toy/nn_toy_1192k_joint_train_r5r4unf_joint.py:369: DeprecationWarning: class Arrhenius: To be removed after Cantera 3.2. Replace with 'ArrheniusRate'
  rxn1.rate.low_rate = ct.Arrhenius(new_A_R1, NOMINAL_B_R1, new_Ea_R1)
/home/yk/h2o2_toy/nn_toy_1192k_joint_train_r5r4unf_joint.py:375: DeprecationWarning: class Arrhenius: To be removed after Cantera 3.2. Replace with 'ArrheniusRate'
  rxn2.rate = ct.Arrhenius(new_A_R2, NOMINAL_B_R2, new_Ea_R2)
/home/yk/h2o2_toy/nn_toy_1192k_joint_train_r5r4unf_joint.py:381: DeprecationWarning: class Arrhenius: To be removed after Cantera 3.2. Replace with 'ArrheniusRate'
  rxn5.rate = ct.Arrhenius(new_A_R5, NOMINAL_B_R5, new_Ea_R5)
/home/yk/h2o2_toy/nn_toy_1192k_joint_train_r5r4unf_joint.py:387: DeprecationWarning: class Arrhenius: To be removed after Cantera 3.2. Replace with 'ArrheniusRate'
  rxn4.rate = ct.Arrhenius(new_A_R4, NOMINAL_B_R4, new_Ea_R4)
/home/yk/h2o2_toy/nn_toy_1192k_joint_train_r5r4unf_joint.py:391: DeprecationWarning: ReactorBase.__init__: After Cantera 3.2, the default value of the `clone` argument will be `True`, resulting in an independent copy of the `phase` being created for use by this reactor. Add the `clone=False` argument to retain the old behavior of sharing `Solution` objects.
  reactor  = ct.IdealGasConstPressureReactor(gas, energy='on')
/home/yk/h2o2_toy/nn_toy_1192k_joint_train_r5r4unf_joint.py:406: DeprecationWarning: ReactorBase.thermo: To be removed after Cantera 3.2. Renamed to `phase`.
  y_h2o[out_pos] = reactor.thermo.X[h2o_idx]
/home/yk/h2o2_toy/nn_toy_1192k_joint_train_r5r4unf_joint.py:404: DeprecationWarning: ReactorBase.thermo: To be removed after Cantera 3.2. Renamed to `phase`.
  y_oh[out_pos]  = reactor.thermo.X[oh_idx]
  16000/40000  179.5 sim/s  failed=0
  18000/40000  176.9 sim/s  failed=0
  20000/40000  175.6 sim/s  failed=0
  22000/40000  174.8 sim/s  failed=0
  24000/40000  174.0 sim/s  failed=0
  26000/40000  173.3 sim/s  failed=0
  28000/40000  172.6 sim/s  failed=0
  30000/40000  172.1 sim/s  failed=0
  32000/40000  171.6 sim/s  failed=0
  34000/40000  171.1 sim/s  failed=0
  36000/40000  170.6 sim/s  failed=0
  38000/40000  170.1 sim/s  failed=0
  40000/40000  169.6 sim/s  failed=0

Shapes: X=(40000, 8)  Y=(40000, 7)  (failed=0)
  OH outputs:  columns 0..3
  H2O outputs: columns 4..6
Split: train=32000  val=4000  test=4000

Training (1192 K joint OH+H2O+k5+k4, 4-pt OH / 3-pt H2O, OH: 1us-1.0000ms [fixed] / H2O: 1us-1.0000ms [fixed, TRUE JOINT D-OPT]) ...
  ep     1 | train 6.7971e+03 | val 3.3136e+01 | gap 0.005 | wd 5.0e-07 | lr 3.0e-02
  ep   500 | train 9.8924e-02 | val 1.0455e-01 | gap 1.057 | wd 1.0e-08 | lr 3.0e-02
  ep  1000 | train 7.0589e-02 | val 7.2415e-02 | gap 1.026 | wd 1.0e-08 | lr 1.5e-02
  ep  1500 | train 4.3054e-02 | val 4.3012e-02 | gap 0.999 | wd 1.0e-08 | lr 3.7e-03
  ep  2000 | train 4.1989e-02 | val 4.1500e-02 | gap 0.988 | wd 1.0e-08 | lr 1.9e-03
  ep  2500 | train 4.1448e-02 | val 4.0537e-02 | gap 0.978 | wd 1.0e-08 | lr 4.7e-04
  ep  3000 | train 4.1290e-02 | val 4.0376e-02 | gap 0.978 | wd 1.0e-08 | lr 2.3e-04
  ep  3500 | train 4.1208e-02 | val 4.0271e-02 | gap 0.977 | wd 1.0e-08 | lr 1.2e-04
  ep  4000 | train 4.1161e-02 | val 4.0246e-02 | gap 0.978 | wd 1.0e-08 | lr 5.9e-05
  ep  4500 | train 4.1131e-02 | val 4.0225e-02 | gap 0.978 | wd 1.0e-08 | lr 2.9e-05
  ep  5000 | train 4.1116e-02 | val 4.0206e-02 | gap 0.978 | wd 1.0e-08 | lr 7.3e-06
Done in 25.8 min.  Best val: 4.0201e-02

========================================================================
  1192 K Joint (OH + H2O), 4 active params (k1,k2,k5,k4, TRUE JOINT D-OPT)  |  Zhang Table 1
========================================================================

OH accuracy:
  Set 1  sigma=0.1  N=661    mean=  1.25% (<= 1%)  p95=  4.07% (<= 2%)  FAIL
  Set 2  sigma=0.3  N=659    mean=  2.42% (<= 2%)  p95=  6.94% (<= 5%)  FAIL
  Set 3  sigma=0.5  N=2680   mean=  4.21% (<= 3%)  p95= 13.57% (<= 10%)  FAIL

H2O accuracy:
  Set 1  sigma=0.1  N=661    mean=  0.23% (<= 1%)  p95=  0.62% (<= 2%)  PASS
  Set 2  sigma=0.3  N=659    mean=  0.46% (<= 2%)  p95=  1.38% (<= 5%)  PASS
  Set 3  sigma=0.5  N=2680   mean=  0.80% (<= 3%)  p95=  2.60% (<= 10%)  PASS
========================================================================
does NOT meet all Zhang Table 1 requirements.

Saved: result_1192k_joint_r5r4unf_joint_dopt_32.pt
