R1: A=2.490e+21  Ea=48749 cal/mol
R2: A=7.590e+10  Ea=7270 cal/mol

Running nominal H2O profile (1 ms) ...
  H2O initial = 1365.3 ppm   H2O plateau = 3555.1 ppm

Selected H2O target times (k1+k2 combined sensitivity):
  t= 0.015 ms   H2O= 1531 ppm   S_k1=+0.104  S_k2=+0.037
  t= 0.093 ms   H2O= 2461 ppm   S_k1=+0.293  S_k2=+0.011
  t= 0.123 ms   H2O= 2695 ppm   S_k1=+0.283  S_k2=+0.008

Starting fresh: 40000 simulations
  2000/40000  120.8 sim/s  failed=0
  4000/40000  120.6 sim/s  failed=0
  6000/40000  120.3 sim/s  failed=0
  8000/40000  120.0 sim/s  failed=0
  10000/40000  119.6 sim/s  failed=0
  12000/40000  119.4 sim/s  failed=0
  14000/40000  119.1 sim/s  failed=0
  16000/40000  118.8 sim/s  failed=0
  18000/40000  118.5 sim/s  failed=0
  20000/40000  118.2 sim/s  failed=0
  22000/40000  118.0 sim/s  failed=0
  24000/40000  117.7 sim/s  failed=0
  26000/40000  117.5 sim/s  failed=0
  28000/40000  117.3 sim/s  failed=0
  30000/40000  117.1 sim/s  failed=0
  32000/40000  116.8 sim/s  failed=0
  34000/40000  116.6 sim/s  failed=0
  36000/40000  116.2 sim/s  failed=0
  38000/40000  115.6 sim/s  failed=0
  40000/40000  115.2 sim/s  failed=0

Sample generation: 349.0 s  (5.82 min)  114.6 sim/s  failed=0

Shapes: X=(40000, 4)  Y=(40000, 3)  (failed=0)
Split: train=32000  val=4000  test=4000

Training (1192K H2O surrogate, 1 ms, ReLU, relative error loss) ...
  ep     1 | train 9.5771e+01 | val 6.9533e-01 | gap 0.007 | wd 5.0e-07 | lr 3.0e-02
  ep   500 | train 1.7053e-02 | val 1.2777e-02 | gap 0.749 | wd 1.0e-08 | lr 1.5e-02
  ep  1000 | train 1.0043e-02 | val 8.9244e-03 | gap 0.889 | wd 1.0e-08 | lr 7.5e-03
  ep  1500 | train 5.2878e-03 | val 5.3844e-03 | gap 1.018 | wd 2.0e-08 | lr 7.5e-03
  ep  2000 | train 4.2090e-03 | val 4.1180e-03 | gap 0.978 | wd 1.0e-08 | lr 1.9e-03
  ep  2500 | train 4.0029e-03 | val 3.9785e-03 | gap 0.994 | wd 1.0e-08 | lr 4.7e-04
  ep  3000 | train 3.9532e-03 | val 3.9581e-03 | gap 1.001 | wd 1.0e-08 | lr 1.2e-04
  ep  3500 | train 3.9545e-03 | val 3.9500e-03 | gap 0.999 | wd 1.0e-08 | lr 5.9e-05
  ep  4000 | train 3.9451e-03 | val 3.9470e-03 | gap 1.000 | wd 1.0e-08 | lr 2.9e-05
  ep  4500 | train 3.9414e-03 | val 3.9417e-03 | gap 1.000 | wd 1.0e-08 | lr 1.5e-05
  ep  5000 | train 3.9402e-03 | val 3.9400e-03 | gap 1.000 | wd 1.0e-08 | lr 3.7e-06
Done in 25.8 min.  Best val: 3.9392e-03

======================================================================
  1192K H2O surrogate  |  Zhang Table 1
======================================================================
  Set 1  σ=0.1   N=661    mean=  0.18%  (≤1%)   p95=  0.63%  (≤2%)   PASS
  Set 2  σ=0.3   N=659    mean=  0.34%  (≤2%)   p95=  1.05%  (≤5%)   PASS
  Set 3  σ=0.5   N=2680   mean=  0.48%  (≤3%)   p95=  1.47%  (≤10%)   PASS
======================================================================
MEETS all Zhang Table 1 requirements.

Per-H2O-target mean relative error (%):
  1.   7.6% rise  t=0.015 ms   err=0.44%
  2.  50.0% rise  t=0.093 ms   err=0.39%
  3.  60.7% rise  t=0.123 ms   err=0.39%

Saved: result_1192k_h2o_train_S.pt
