R1 (k1): A=2.490e+21  Ea=48749 cal/mol
R2 (k2): A=7.590e+10  Ea=7270 cal/mol

Running nominal OH profile (1 ms, const-P) ...
  OH_peak = 77.5 ppm  at t = 0.0126 ms
OH D-optimal targets (window 0 us .. 0.10 ms):
  D-opt @ 0.0021 ms   nominal OH ~ 30.8 ppm
  D-opt @ 0.0251 ms   nominal OH ~ 69.4 ppm
  D-opt @ 0.0902 ms   nominal OH ~ 61.5 ppm

Starting fresh: 40000 simulations
  2000/40000  214.3 sim/s  failed=0
  4000/40000  213.7 sim/s  failed=0
  6000/40000  213.1 sim/s  failed=0
  8000/40000  212.3 sim/s  failed=0
  10000/40000  211.4 sim/s  failed=0
  12000/40000  210.5 sim/s  failed=0
  14000/40000  209.7 sim/s  failed=0
  16000/40000  208.9 sim/s  failed=0
  18000/40000  208.1 sim/s  failed=0
  20000/40000  207.4 sim/s  failed=0
  22000/40000  206.7 sim/s  failed=0
  24000/40000  206.0 sim/s  failed=0
  26000/40000  205.3 sim/s  failed=0
  28000/40000  204.7 sim/s  failed=0
  30000/40000  204.1 sim/s  failed=0
  32000/40000  203.5 sim/s  failed=0
  34000/40000  202.8 sim/s  failed=0
  36000/40000  202.1 sim/s  failed=0
  38000/40000  201.4 sim/s  failed=0
  40000/40000  200.7 sim/s  failed=0

Shapes: X=(40000, 4)  Y=(40000, 3)  (failed=0)
Split: train=32000  val=4000  test=4000

Training (1192 K OH, 3-pt: rise/peak/mid-decay, ReLU) ...
  ep     1 | train 1.0242e+04 | val 2.8409e+01 | gap 0.003 | wd 5.0e-07 | lr 3.0e-02
  ep   500 | train 3.6873e-02 | val 2.7566e-02 | gap 0.748 | wd 1.0e-08 | lr 3.0e-02
  ep  1000 | train 3.8717e-02 | val 3.1789e-02 | gap 0.821 | wd 2.0e-08 | lr 3.0e-02
  ep  1500 | train 1.9154e-02 | val 1.4893e-02 | gap 0.778 | wd 1.0e-08 | lr 1.5e-02
  ep  2000 | train 1.1838e-02 | val 1.1439e-02 | gap 0.966 | wd 1.0e-08 | lr 7.5e-03
  ep  2500 | train 1.1579e-02 | val 1.1291e-02 | gap 0.975 | wd 1.0e-08 | lr 3.7e-03
  ep  3000 | train 1.0835e-02 | val 1.0889e-02 | gap 1.005 | wd 1.0e-08 | lr 1.9e-03
  ep  3500 | train 1.0802e-02 | val 1.0711e-02 | gap 0.992 | wd 1.0e-08 | lr 9.4e-04
  ep  4000 | train 1.0660e-02 | val 1.0669e-02 | gap 1.001 | wd 1.0e-08 | lr 4.7e-04
  ep  4500 | train 1.0644e-02 | val 1.0666e-02 | gap 1.002 | wd 1.0e-08 | lr 4.7e-04
  ep  5000 | train 1.0618e-02 | val 1.0651e-02 | gap 1.003 | wd 1.0e-08 | lr 2.3e-04
Done in 33.2 min.  Best val: 1.0576e-02

========================================================================
  1192 K OH — 3-pt (rise/peak/mid-decay)  |  Zhang Table 1
========================================================================
  Set 1  sigma=0.1  N=661    mean=  0.40% (<= 1%)  p95=  1.38% (<= 2%)  PASS
  Set 2  sigma=0.3  N=659    mean=  0.78% (<= 2%)  p95=  2.34% (<= 5%)  PASS
  Set 3  sigma=0.5  N=2680   mean=  1.27% (<= 3%)  p95=  4.36% (<= 10%)  PASS
========================================================================
MEETS all Zhang Table 1 requirements.

Per-target mean relative error (%):
  1. D-opt @ 0.0021 ms      t=0.0021 ms   err=0.83%
  2. D-opt @ 0.0251 ms      t=0.0251 ms   err=1.00%
  3. D-opt @ 0.0902 ms      t=0.0902 ms   err=1.31%

Saved: result_1192k_oh_train_S_rev.pt
