R1 (k1): A=2.490e+21  Ea=48749 cal/mol
R2 (k2): A=7.590e+10  Ea=7270 cal/mol
R5 (k5): A=3.340e+01  b=+2.42  Ea=-1930 cal/mol

Running nominal profiles (1 ms, const-P) ...
  OH_peak = 508.3 ppm  at t = 0.0061 ms
  H2O initial = 1234.3 ppm   H2O plateau = 3659.5 ppm
  OH time window: 1.0 µs to 0.1000 ms
  H2O time window: 1.0 µs to 0.1000 ms

Computing sensitivities (OH on fine grid, H2O on coarse grid) ...

OH target probes (window 1.0 µs .. 0.1000 ms, TRUE joint D-optimal, k1/k2/k5):
  1. OH D-opt @ 0.0010 ms            OH ~ 210.34 ppm
  2. OH D-opt @ 0.0123 ms            OH ~ 472.48 ppm
  3. OH D-opt @ 0.0710 ms            OH ~ 177.97 ppm

H2O target probes (window 1.0 µs .. 0.1000 ms, TRUE joint D-optimal, k1/k2/k5):
  1. H2O D-opt @ 0.0082 ms           H2O ~ 2163.94 ppm
  2. H2O D-opt @ 0.0133 ms           H2O ~ 2684.90 ppm
  3. H2O D-opt @ 0.0184 ms           H2O ~ 3016.49 ppm

Resuming idx 40000/40000: 40000 valid, 0 dropped, 0 failed

Shapes: X=(40000, 6)  Y=(40000, 6)  (failed=0)
  OH outputs:  columns 0..2
  H2O outputs: columns 3..5
Split: train=32000  val=4000  test=4000

Training (1398 K joint OH+H2O+k5, 3-pt OH / 3-pt H2O, OH: 1us-0.1000ms [fixed] / H2O: 1us-0.1000ms [fixed, TRUE JOINT D-OPT]) ...
  ep     1 | train 1.8704e+03 | val 1.6567e+01 | gap 0.009 | wd 5.0e-07 | lr 3.0e-02
  ep   500 | train 8.7905e-02 | val 8.4545e-02 | gap 0.962 | wd 1.0e-08 | lr 3.0e-02
  ep  1000 | train 6.0725e-02 | val 6.1432e-02 | gap 1.012 | wd 1.0e-08 | lr 3.0e-02
  ep  1500 | train 5.0660e-02 | val 4.9366e-02 | gap 0.974 | wd 1.0e-08 | lr 1.5e-02
  ep  2000 | train 4.8123e-02 | val 4.7920e-02 | gap 0.996 | wd 1.0e-08 | lr 3.7e-03
  ep  2500 | train 4.7927e-02 | val 4.7590e-02 | gap 0.993 | wd 1.0e-08 | lr 1.9e-03
  ep  3000 | train 4.7689e-02 | val 4.7432e-02 | gap 0.995 | wd 1.0e-08 | lr 9.4e-04
  ep  3500 | train 4.7630e-02 | val 4.7288e-02 | gap 0.993 | wd 1.0e-08 | lr 4.7e-04
  ep  4000 | train 4.7599e-02 | val 4.7250e-02 | gap 0.993 | wd 1.0e-08 | lr 2.3e-04
  ep  4500 | train 4.7550e-02 | val 4.7207e-02 | gap 0.993 | wd 1.0e-08 | lr 1.2e-04
  ep  5000 | train 4.7518e-02 | val 4.7161e-02 | gap 0.992 | wd 1.0e-08 | lr 2.9e-05
Done in 18.5 min.  Best val: 4.7156e-02

========================================================================
  1398 K Joint (OH + H2O), 3 active params (k1,k2,k5, TRUE JOINT D-OPT)  |  Zhang Table 1
========================================================================

OH accuracy:
  Set 1  sigma=0.1  N=661    mean=  1.14% (<= 1%)  p95=  4.21% (<= 2%)  FAIL
  Set 2  sigma=0.3  N=659    mean=  2.68% (<= 2%)  p95=  9.37% (<= 5%)  FAIL
  Set 3  sigma=0.5  N=2680   mean=  4.14% (<= 3%)  p95= 14.44% (<= 10%)  FAIL

H2O accuracy:
  Set 1  sigma=0.1  N=661    mean=  0.61% (<= 1%)  p95=  1.51% (<= 2%)  PASS
  Set 2  sigma=0.3  N=659    mean=  0.95% (<= 2%)  p95=  2.55% (<= 5%)  PASS
  Set 3  sigma=0.5  N=2680   mean=  1.71% (<= 3%)  p95=  5.61% (<= 10%)  PASS
========================================================================
does NOT meet all Zhang Table 1 requirements.

Saved: result_1398k_joint_k5_joint_dopt.pt
