R1 (k1): A=2.490e+21  Ea=48749 cal/mol
R2 (k2): A=7.590e+10  Ea=7270 cal/mol
R5 (k5): A=3.340e+01  b=+2.42  Ea=-1930 cal/mol
R4 (k4): A=2.890e+10  b=+0.00  Ea=-497 cal/mol

Running nominal profiles (1 ms, const-P) ...
/home/yk/h2o2_toy/nn_toy_1398k_joint_train_r5r4_joint.py:143: DeprecationWarning: ReactorBase.__init__: After Cantera 3.2, the default value of the `clone` argument will be `True`, resulting in an independent copy of the `phase` being created for use by this reactor. Add the `clone=False` argument to retain the old behavior of sharing `Solution` objects.
  reactor = ct.IdealGasConstPressureReactor(gas, energy='on')
/home/yk/h2o2_toy/nn_toy_1398k_joint_train_r5r4_joint.py:149: DeprecationWarning: ReactorBase.thermo: To be removed after Cantera 3.2. Renamed to `phase`.
  profiles[j][k] = reactor.thermo.X[idx]
  OH_peak = 508.3 ppm  at t = 0.0061 ms
  H2O initial = 1234.3 ppm   H2O plateau = 3659.5 ppm
  OH time window: 1.0 µs to 0.1000 ms
  H2O time window: 1.0 µs to 0.1000 ms

Computing sensitivities (OH on fine grid, H2O on coarse grid) ...
/home/yk/h2o2_toy/nn_toy_1398k_joint_train_r5r4_joint.py:184: DeprecationWarning: class Arrhenius: To be removed after Cantera 3.2. Replace with 'ArrheniusRate'
  r.rate.low_rate = ct.Arrhenius(lr.pre_exponential_factor*f, lr.temperature_exponent, lr.activation_energy)
/home/yk/h2o2_toy/nn_toy_1398k_joint_train_r5r4_joint.py:189: DeprecationWarning: ReactorBase.__init__: After Cantera 3.2, the default value of the `clone` argument will be `True`, resulting in an independent copy of the `phase` being created for use by this reactor. Add the `clone=False` argument to retain the old behavior of sharing `Solution` objects.
  rr = ct.IdealGasConstPressureReactor(g, energy='on'); net = ct.ReactorNet([rr]); oh = g.species_index('OH')
/home/yk/h2o2_toy/nn_toy_1398k_joint_train_r5r4_joint.py:191: DeprecationWarning: ReactorBase.thermo: To be removed after Cantera 3.2. Renamed to `phase`.
  for k in range(N_FINE): net.advance(T_FINE[k]); out[k] = rr.thermo.X[oh]
/home/yk/h2o2_toy/nn_toy_1398k_joint_train_r5r4_joint.py:186: DeprecationWarning: class Arrhenius: To be removed after Cantera 3.2. Replace with 'ArrheniusRate'
  r.rate = ct.Arrhenius(r.rate.pre_exponential_factor*f, r.rate.temperature_exponent, r.rate.activation_energy)
/home/yk/h2o2_toy/nn_toy_1398k_joint_train_r5r4_joint.py:201: DeprecationWarning: class Arrhenius: To be removed after Cantera 3.2. Replace with 'ArrheniusRate'
  r.rate.low_rate = ct.Arrhenius(lr.pre_exponential_factor*f,
/home/yk/h2o2_toy/nn_toy_1398k_joint_train_r5r4_joint.py:208: DeprecationWarning: ReactorBase.__init__: After Cantera 3.2, the default value of the `clone` argument will be `True`, resulting in an independent copy of the `phase` being created for use by this reactor. Add the `clone=False` argument to retain the old behavior of sharing `Solution` objects.
  rr = ct.IdealGasConstPressureReactor(g, energy='on')
/home/yk/h2o2_toy/nn_toy_1398k_joint_train_r5r4_joint.py:212: DeprecationWarning: ReactorBase.thermo: To be removed after Cantera 3.2. Renamed to `phase`.
  net.advance(T_SIM[k]); out[k] = rr.thermo.X[h2o]
/home/yk/h2o2_toy/nn_toy_1398k_joint_train_r5r4_joint.py:204: DeprecationWarning: class Arrhenius: To be removed after Cantera 3.2. Replace with 'ArrheniusRate'
  r.rate = ct.Arrhenius(r.rate.pre_exponential_factor*f,

OH target probes (window 1.0 µs .. 0.1000 ms, TRUE joint D-optimal, k1/k2/k5/k4):
  1. OH D-opt @ 0.0010 ms            OH ~ 210.34 ppm
  2. OH D-opt @ 0.0121 ms            OH ~ 473.75 ppm
  3. OH D-opt @ 0.0256 ms            OH ~ 394.01 ppm
  4. OH D-opt @ 0.0659 ms            OH ~ 192.40 ppm

H2O target probes (window 1.0 µs .. 0.1000 ms, TRUE joint D-optimal, k1/k2/k5/k4):
  1. H2O D-opt @ 0.0081 ms           H2O ~ 2151.36 ppm
  2. H2O D-opt @ 0.0132 ms           H2O ~ 2676.76 ppm
  3. H2O D-opt @ 0.0183 ms           H2O ~ 3011.34 ppm
/home/yk/h2o2_toy/nn_toy_1398k_joint_train_r5r4_joint.py:329: UserWarning: The balance properties of Sobol' points require n to be a power of 2.
  base    = sampler.random(n_total)

Starting fresh: 40000 simulations
/home/yk/h2o2_toy/nn_toy_1398k_joint_train_r5r4_joint.py:352: DeprecationWarning: class Arrhenius: To be removed after Cantera 3.2. Replace with 'ArrheniusRate'
  rxn1.rate.low_rate = ct.Arrhenius(new_A_R1, NOMINAL_B_R1, new_Ea_R1)
/home/yk/h2o2_toy/nn_toy_1398k_joint_train_r5r4_joint.py:358: DeprecationWarning: class Arrhenius: To be removed after Cantera 3.2. Replace with 'ArrheniusRate'
  rxn2.rate = ct.Arrhenius(new_A_R2, NOMINAL_B_R2, new_Ea_R2)
/home/yk/h2o2_toy/nn_toy_1398k_joint_train_r5r4_joint.py:364: DeprecationWarning: class Arrhenius: To be removed after Cantera 3.2. Replace with 'ArrheniusRate'
  rxn5.rate = ct.Arrhenius(new_A_R5, NOMINAL_B_R5, new_Ea_R5)
/home/yk/h2o2_toy/nn_toy_1398k_joint_train_r5r4_joint.py:370: DeprecationWarning: class Arrhenius: To be removed after Cantera 3.2. Replace with 'ArrheniusRate'
  rxn4.rate = ct.Arrhenius(new_A_R4, NOMINAL_B_R4, new_Ea_R4)
/home/yk/h2o2_toy/nn_toy_1398k_joint_train_r5r4_joint.py:374: DeprecationWarning: ReactorBase.__init__: After Cantera 3.2, the default value of the `clone` argument will be `True`, resulting in an independent copy of the `phase` being created for use by this reactor. Add the `clone=False` argument to retain the old behavior of sharing `Solution` objects.
  reactor  = ct.IdealGasConstPressureReactor(gas, energy='on')
/home/yk/h2o2_toy/nn_toy_1398k_joint_train_r5r4_joint.py:387: DeprecationWarning: ReactorBase.thermo: To be removed after Cantera 3.2. Renamed to `phase`.
  y_oh[out_pos]  = reactor.thermo.X[oh_idx]
/home/yk/h2o2_toy/nn_toy_1398k_joint_train_r5r4_joint.py:389: DeprecationWarning: ReactorBase.thermo: To be removed after Cantera 3.2. Renamed to `phase`.
  y_h2o[out_pos] = reactor.thermo.X[h2o_idx]
  2000/40000  192.1 sim/s  failed=0
  4000/40000  191.6 sim/s  failed=0
  6000/40000  190.9 sim/s  failed=0
  8000/40000  190.4 sim/s  failed=0
  10000/40000  189.8 sim/s  failed=0
  12000/40000  189.2 sim/s  failed=0
  14000/40000  188.5 sim/s  failed=0
  16000/40000  187.8 sim/s  failed=0
  18000/40000  187.1 sim/s  failed=0
  20000/40000  186.3 sim/s  failed=0
  22000/40000  185.8 sim/s  failed=0
  24000/40000  185.2 sim/s  failed=0
  26000/40000  184.6 sim/s  failed=0
  28000/40000  184.2 sim/s  failed=0
  30000/40000  183.6 sim/s  failed=0
  32000/40000  183.1 sim/s  failed=0
  34000/40000  182.5 sim/s  failed=0
  36000/40000  181.9 sim/s  failed=0
  38000/40000  181.4 sim/s  failed=0
  40000/40000  180.8 sim/s  failed=0

Shapes: X=(40000, 8)  Y=(40000, 7)  (failed=0)
  OH outputs:  columns 0..3
  H2O outputs: columns 4..6
Split: train=32000  val=4000  test=4000

Training (1398 K joint OH+H2O+k5+k4, 4-pt OH / 3-pt H2O, OH: 1us-0.1000ms [fixed] / H2O: 1us-0.1000ms [fixed, TRUE JOINT D-OPT]) ...
  ep     1 | train 1.9098e+03 | val 1.2162e+01 | gap 0.006 | wd 5.0e-07 | lr 3.0e-02
  ep   500 | train 8.1376e-02 | val 9.3499e-02 | gap 1.149 | wd 2.0e-08 | lr 3.0e-02
  ep  1000 | train 6.8722e-02 | val 6.6778e-02 | gap 0.972 | wd 1.0e-08 | lr 1.5e-02
  ep  1500 | train 6.4123e-02 | val 6.3485e-02 | gap 0.990 | wd 1.0e-08 | lr 7.5e-03
  ep  2000 | train 6.2340e-02 | val 6.2627e-02 | gap 1.005 | wd 1.0e-08 | lr 3.7e-03
  ep  2500 | train 6.1915e-02 | val 6.1479e-02 | gap 0.993 | wd 1.0e-08 | lr 1.9e-03
  ep  3000 | train 5.8645e-02 | val 5.7897e-02 | gap 0.987 | wd 1.0e-08 | lr 1.9e-03
  ep  3500 | train 5.8417e-02 | val 5.7679e-02 | gap 0.987 | wd 1.0e-08 | lr 9.4e-04
  ep  4000 | train 5.8262e-02 | val 5.7526e-02 | gap 0.987 | wd 1.0e-08 | lr 4.7e-04
  ep  4500 | train 5.8175e-02 | val 5.7468e-02 | gap 0.988 | wd 1.0e-08 | lr 2.3e-04
  ep  5000 | train 5.8111e-02 | val 5.7392e-02 | gap 0.988 | wd 1.0e-08 | lr 5.9e-05
Done in 20.3 min.  Best val: 5.7379e-02

========================================================================
  1398 K Joint (OH + H2O), 4 active params (k1,k2,k5,k4, TRUE JOINT D-OPT)  |  Zhang Table 1
========================================================================

OH accuracy:
  Set 1  sigma=0.1  N=661    mean=  1.56% (<= 1%)  p95=  4.80% (<= 2%)  FAIL
  Set 2  sigma=0.3  N=659    mean=  3.16% (<= 2%)  p95= 10.01% (<= 5%)  FAIL
  Set 3  sigma=0.5  N=2680   mean=  5.28% (<= 3%)  p95= 17.55% (<= 10%)  FAIL

H2O accuracy:
  Set 1  sigma=0.1  N=661    mean=  0.66% (<= 1%)  p95=  1.63% (<= 2%)  PASS
  Set 2  sigma=0.3  N=659    mean=  1.12% (<= 2%)  p95=  2.78% (<= 5%)  PASS
  Set 3  sigma=0.5  N=2680   mean=  1.80% (<= 3%)  p95=  5.54% (<= 10%)  PASS
========================================================================
does NOT meet all Zhang Table 1 requirements.

Saved: result_1398k_joint_r5r4_joint_dopt.pt
