R1 (k1): A=2.490e+21  Ea=48749 cal/mol
R2 (k2): A=7.590e+10  Ea=7270 cal/mol
R5 (k5): A=3.340e+01  b=+2.42  Ea=-1930 cal/mol
R4 (k4): A=2.890e+10  b=+0.00  Ea=-497 cal/mol

Running nominal profiles (1 ms, const-P) ...
/home/yk/h2o2_toy/nn_toy_1398k_joint_train_r5r4_joint_b.py:143: DeprecationWarning: ReactorBase.__init__: After Cantera 3.2, the default value of the `clone` argument will be `True`, resulting in an independent copy of the `phase` being created for use by this reactor. Add the `clone=False` argument to retain the old behavior of sharing `Solution` objects.
  reactor = ct.IdealGasConstPressureReactor(gas, energy='on')
/home/yk/h2o2_toy/nn_toy_1398k_joint_train_r5r4_joint_b.py:149: DeprecationWarning: ReactorBase.thermo: To be removed after Cantera 3.2. Renamed to `phase`.
  profiles[j][k] = reactor.thermo.X[idx]
  OH_peak = 508.3 ppm  at t = 0.0061 ms
  H2O initial = 1234.3 ppm   H2O plateau = 3659.5 ppm
  OH time window: 1.0 µs to 0.1000 ms
  H2O time window: 1.0 µs to 0.1000 ms

Computing sensitivities (OH on fine grid, H2O on coarse grid) ...
/home/yk/h2o2_toy/nn_toy_1398k_joint_train_r5r4_joint_b.py:184: DeprecationWarning: class Arrhenius: To be removed after Cantera 3.2. Replace with 'ArrheniusRate'
  r.rate.low_rate = ct.Arrhenius(lr.pre_exponential_factor*f, lr.temperature_exponent, lr.activation_energy)
/home/yk/h2o2_toy/nn_toy_1398k_joint_train_r5r4_joint_b.py:189: DeprecationWarning: ReactorBase.__init__: After Cantera 3.2, the default value of the `clone` argument will be `True`, resulting in an independent copy of the `phase` being created for use by this reactor. Add the `clone=False` argument to retain the old behavior of sharing `Solution` objects.
  rr = ct.IdealGasConstPressureReactor(g, energy='on'); net = ct.ReactorNet([rr]); oh = g.species_index('OH')
/home/yk/h2o2_toy/nn_toy_1398k_joint_train_r5r4_joint_b.py:191: DeprecationWarning: ReactorBase.thermo: To be removed after Cantera 3.2. Renamed to `phase`.
  for k in range(N_FINE): net.advance(T_FINE[k]); out[k] = rr.thermo.X[oh]
/home/yk/h2o2_toy/nn_toy_1398k_joint_train_r5r4_joint_b.py:186: DeprecationWarning: class Arrhenius: To be removed after Cantera 3.2. Replace with 'ArrheniusRate'
  r.rate = ct.Arrhenius(r.rate.pre_exponential_factor*f, r.rate.temperature_exponent, r.rate.activation_energy)
/home/yk/h2o2_toy/nn_toy_1398k_joint_train_r5r4_joint_b.py:201: DeprecationWarning: class Arrhenius: To be removed after Cantera 3.2. Replace with 'ArrheniusRate'
  r.rate.low_rate = ct.Arrhenius(lr.pre_exponential_factor*f,
/home/yk/h2o2_toy/nn_toy_1398k_joint_train_r5r4_joint_b.py:208: DeprecationWarning: ReactorBase.__init__: After Cantera 3.2, the default value of the `clone` argument will be `True`, resulting in an independent copy of the `phase` being created for use by this reactor. Add the `clone=False` argument to retain the old behavior of sharing `Solution` objects.
  rr = ct.IdealGasConstPressureReactor(g, energy='on')
/home/yk/h2o2_toy/nn_toy_1398k_joint_train_r5r4_joint_b.py:212: DeprecationWarning: ReactorBase.thermo: To be removed after Cantera 3.2. Renamed to `phase`.
  net.advance(T_SIM[k]); out[k] = rr.thermo.X[h2o]
/home/yk/h2o2_toy/nn_toy_1398k_joint_train_r5r4_joint_b.py:204: DeprecationWarning: class Arrhenius: To be removed after Cantera 3.2. Replace with 'ArrheniusRate'
  r.rate = ct.Arrhenius(r.rate.pre_exponential_factor*f,

OH target probes (window 1.0 µs .. 0.1000 ms, TRUE joint D-optimal, k1/k2/k5/k4):
  1. OH D-opt @ 0.0010 ms            OH ~ 210.34 ppm
  2. OH D-opt @ 0.0070 ms            OH ~ 506.18 ppm
  3. OH D-opt @ 0.0121 ms            OH ~ 473.75 ppm
  4. OH D-opt @ 0.0256 ms            OH ~ 394.01 ppm
  5. OH D-opt @ 0.0659 ms            OH ~ 192.40 ppm

H2O target probes (window 1.0 µs .. 0.1000 ms, TRUE joint D-optimal, k1/k2/k5/k4):
  1. H2O D-opt @ 0.0081 ms           H2O ~ 2151.36 ppm
  2. H2O D-opt @ 0.1000 ms           H2O ~ 3635.63 ppm
/home/yk/h2o2_toy/nn_toy_1398k_joint_train_r5r4_joint_b.py:329: UserWarning: The balance properties of Sobol' points require n to be a power of 2.
  base    = sampler.random(n_total)

Starting fresh: 40000 simulations
/home/yk/h2o2_toy/nn_toy_1398k_joint_train_r5r4_joint_b.py:352: DeprecationWarning: class Arrhenius: To be removed after Cantera 3.2. Replace with 'ArrheniusRate'
  rxn1.rate.low_rate = ct.Arrhenius(new_A_R1, NOMINAL_B_R1, new_Ea_R1)
/home/yk/h2o2_toy/nn_toy_1398k_joint_train_r5r4_joint_b.py:358: DeprecationWarning: class Arrhenius: To be removed after Cantera 3.2. Replace with 'ArrheniusRate'
  rxn2.rate = ct.Arrhenius(new_A_R2, NOMINAL_B_R2, new_Ea_R2)
/home/yk/h2o2_toy/nn_toy_1398k_joint_train_r5r4_joint_b.py:364: DeprecationWarning: class Arrhenius: To be removed after Cantera 3.2. Replace with 'ArrheniusRate'
  rxn5.rate = ct.Arrhenius(new_A_R5, NOMINAL_B_R5, new_Ea_R5)
/home/yk/h2o2_toy/nn_toy_1398k_joint_train_r5r4_joint_b.py:370: DeprecationWarning: class Arrhenius: To be removed after Cantera 3.2. Replace with 'ArrheniusRate'
  rxn4.rate = ct.Arrhenius(new_A_R4, NOMINAL_B_R4, new_Ea_R4)
/home/yk/h2o2_toy/nn_toy_1398k_joint_train_r5r4_joint_b.py:374: DeprecationWarning: ReactorBase.__init__: After Cantera 3.2, the default value of the `clone` argument will be `True`, resulting in an independent copy of the `phase` being created for use by this reactor. Add the `clone=False` argument to retain the old behavior of sharing `Solution` objects.
  reactor  = ct.IdealGasConstPressureReactor(gas, energy='on')
/home/yk/h2o2_toy/nn_toy_1398k_joint_train_r5r4_joint_b.py:387: DeprecationWarning: ReactorBase.thermo: To be removed after Cantera 3.2. Renamed to `phase`.
  y_oh[out_pos]  = reactor.thermo.X[oh_idx]
/home/yk/h2o2_toy/nn_toy_1398k_joint_train_r5r4_joint_b.py:389: DeprecationWarning: ReactorBase.thermo: To be removed after Cantera 3.2. Renamed to `phase`.
  y_h2o[out_pos] = reactor.thermo.X[h2o_idx]
  2000/40000  172.1 sim/s  failed=0
  4000/40000  176.2 sim/s  failed=0
  6000/40000  177.4 sim/s  failed=0
  8000/40000  177.8 sim/s  failed=0
  10000/40000  177.7 sim/s  failed=0
  12000/40000  177.5 sim/s  failed=0
  14000/40000  177.2 sim/s  failed=0
  16000/40000  176.8 sim/s  failed=0
  18000/40000  176.4 sim/s  failed=0
  20000/40000  176.0 sim/s  failed=0
  22000/40000  175.6 sim/s  failed=0
  24000/40000  175.2 sim/s  failed=0
  26000/40000  174.8 sim/s  failed=0
  28000/40000  174.5 sim/s  failed=0
  30000/40000  174.1 sim/s  failed=0
  32000/40000  173.7 sim/s  failed=0
  34000/40000  173.2 sim/s  failed=0
  36000/40000  172.8 sim/s  failed=0
  38000/40000  172.4 sim/s  failed=0
  40000/40000  171.7 sim/s  failed=0

Shapes: X=(40000, 8)  Y=(40000, 7)  (failed=0)
  OH outputs:  columns 0..4
  H2O outputs: columns 5..6
Split: train=32000  val=4000  test=4000

Training (1398 K joint OH+H2O+k5+k4, 5-pt OH / 2-pt H2O, OH: 1us-0.1000ms [fixed] / H2O: 1us-0.1000ms [fixed, TRUE JOINT D-OPT]) ...
  ep     1 | train 1.0209e+03 | val 3.1905e+00 | gap 0.003 | wd 5.0e-07 | lr 3.0e-02
  ep   500 | train 9.0068e-02 | val 9.0751e-02 | gap 1.008 | wd 2.0e-08 | lr 3.0e-02
  ep  1000 | train 7.8941e-02 | val 7.7829e-02 | gap 0.986 | wd 1.0e-08 | lr 3.0e-02
  ep  1500 | train 3.9947e-02 | val 4.2471e-02 | gap 1.063 | wd 1.0e-08 | lr 1.5e-02
  ep  2000 | train 3.3346e-02 | val 3.4314e-02 | gap 1.029 | wd 1.0e-08 | lr 3.7e-03
  ep  2500 | train 3.1869e-02 | val 3.1680e-02 | gap 0.994 | wd 1.0e-08 | lr 1.9e-03
  ep  3000 | train 3.1500e-02 | val 3.1567e-02 | gap 1.002 | wd 1.0e-08 | lr 9.4e-04
  ep  3500 | train 3.1296e-02 | val 3.1273e-02 | gap 0.999 | wd 1.0e-08 | lr 2.3e-04
  ep  4000 | train 3.1241e-02 | val 3.1205e-02 | gap 0.999 | wd 1.0e-08 | lr 1.2e-04
  ep  4500 | train 3.1209e-02 | val 3.1186e-02 | gap 0.999 | wd 1.0e-08 | lr 2.9e-05
  ep  5000 | train 3.1200e-02 | val 3.1178e-02 | gap 0.999 | wd 1.0e-08 | lr 7.3e-06
Done in 55.4 min.  Best val: 3.1170e-02

========================================================================
  1398 K Joint (OH + H2O), 4 active params (k1,k2,k5,k4, TRUE JOINT D-OPT)  |  Zhang Table 1
========================================================================

OH accuracy:
  Set 1  sigma=0.1  N=661    mean=  0.93% (<= 1%)  p95=  2.74% (<= 2%)  FAIL
  Set 2  sigma=0.3  N=659    mean=  1.86% (<= 2%)  p95=  5.77% (<= 5%)  FAIL
  Set 3  sigma=0.5  N=2680   mean=  3.04% (<= 3%)  p95=  9.68% (<= 10%)  FAIL

H2O accuracy:
  Set 1  sigma=0.1  N=661    mean=  0.20% (<= 1%)  p95=  0.70% (<= 2%)  PASS
  Set 2  sigma=0.3  N=659    mean=  0.46% (<= 2%)  p95=  1.45% (<= 5%)  PASS
  Set 3  sigma=0.5  N=2680   mean=  0.77% (<= 3%)  p95=  2.43% (<= 10%)  PASS
========================================================================
does NOT meet all Zhang Table 1 requirements.

Saved: result_1398k_joint_r5r4_joint_dopt_b.pt
