R1 (k1): A=2.490e+21  Ea=48749 cal/mol
R2 (k2): A=7.590e+10  Ea=7270 cal/mol

Running nominal profiles (1 ms, const-P) ...
  OH_peak = 508.3 ppm  at t = 0.0061 ms
  OH decays to 71.5% of peak at t=0.0307 ms; data ceiling=0.1000 ms -> T_MAX_TARGET_OH=0.0307 ms
  H2O initial = 1234.3 ppm   H2O plateau = 3659.5 ppm
  H2O 95%-rise time = 0.0434 ms -> T_MAX_TARGET_H2O (was a fixed 1e-4 s / 0.1 ms)

Computing sensitivities (OH on fine grid, H2O on coarse grid) ...

OH target probes (window 1.0 µs .. 0.0307 ms, independent D-optimal):
  1. OH D-opt @ 0.0010 ms            OH ~ 210.34 ppm
  2. OH D-opt @ 0.0122 ms            OH ~ 473.11 ppm
  3. OH D-opt @ 0.0179 ms            OH ~ 439.05 ppm

H2O target probes (window 1.0 µs .. 0.0434 ms, independent D-optimal):
  1. H2O D-opt @ 0.0032 ms           H2O ~ 1469.11 ppm
  2. H2O D-opt @ 0.0082 ms           H2O ~ 2163.94 ppm
  3. H2O D-opt @ 0.0133 ms           H2O ~ 2684.90 ppm

Starting fresh: 40000 simulations
  2000/40000  211.8 sim/s  failed=0
  4000/40000  210.9 sim/s  failed=0
  6000/40000  210.5 sim/s  failed=0
  8000/40000  209.8 sim/s  failed=0
  10000/40000  209.1 sim/s  failed=0
  12000/40000  208.7 sim/s  failed=0
  14000/40000  208.1 sim/s  failed=0
  16000/40000  207.4 sim/s  failed=0
  18000/40000  206.8 sim/s  failed=0
  20000/40000  206.1 sim/s  failed=0
  22000/40000  205.5 sim/s  failed=0
  24000/40000  204.8 sim/s  failed=0
  26000/40000  204.1 sim/s  failed=0
  28000/40000  203.5 sim/s  failed=0
  30000/40000  202.8 sim/s  failed=0
  32000/40000  202.1 sim/s  failed=0
  34000/40000  201.4 sim/s  failed=0
  36000/40000  200.7 sim/s  failed=0
  38000/40000  200.1 sim/s  failed=0
  40000/40000  199.0 sim/s  failed=0

Shapes: X=(40000, 4)  Y=(40000, 6)  (failed=0)
  OH outputs:  columns 0..2
  H2O outputs: columns 3..5
Split: train=32000  val=4000  test=4000

Training (1398 K joint OH+H2O, 3-pt each, OH: 1us-0.0307ms [peak-frac rule] / H2O: 1us-0.0434ms [95%-rise rule]) ...
  ep     1 | train 1.1129e+03 | val 1.9361e+00 | gap 0.002 | wd 5.0e-07 | lr 3.0e-02
  ep   500 | train 4.4388e-02 | val 6.8817e-02 | gap 1.550 | wd 4.0e-08 | lr 3.0e-02
  ep  1000 | train 4.6059e-02 | val 3.1540e-02 | gap 0.685 | wd 1.0e-08 | lr 3.0e-02
  ep  1500 | train 2.0028e-02 | val 2.1501e-02 | gap 1.074 | wd 2.0e-08 | lr 1.5e-02
  ep  2000 | train 1.7920e-02 | val 1.7978e-02 | gap 1.003 | wd 1.0e-08 | lr 1.9e-03
  ep  2500 | train 1.7933e-02 | val 1.7846e-02 | gap 0.995 | wd 1.0e-08 | lr 9.4e-04
  ep  3000 | train 1.7778e-02 | val 1.7788e-02 | gap 1.001 | wd 1.0e-08 | lr 2.3e-04
  ep  3500 | train 1.7747e-02 | val 1.7759e-02 | gap 1.001 | wd 1.0e-08 | lr 5.9e-05
  ep  4000 | train 1.7737e-02 | val 1.7758e-02 | gap 1.001 | wd 1.0e-08 | lr 2.9e-05
  ep  4500 | train 1.7731e-02 | val 1.7750e-02 | gap 1.001 | wd 1.0e-08 | lr 7.3e-06
  ep  5000 | train 1.7728e-02 | val 1.7750e-02 | gap 1.001 | wd 1.0e-08 | lr 1.8e-06
Done in 27.5 min.  Best val: 1.7749e-02

========================================================================
  1398 K Joint (OH + H2O) — 3-pt each (adaptive windows)  |  Zhang Table 1
========================================================================

OH accuracy:
  Set 1  sigma=0.1  N=661    mean=  0.57% (<= 1%)  p95=  1.64% (<= 2%)  PASS
  Set 2  sigma=0.3  N=659    mean=  0.91% (<= 2%)  p95=  3.11% (<= 5%)  PASS
  Set 3  sigma=0.5  N=2680   mean=  1.53% (<= 3%)  p95=  4.97% (<= 10%)  PASS

H2O accuracy:
  Set 1  sigma=0.1  N=661    mean=  0.23% (<= 1%)  p95=  0.64% (<= 2%)  PASS
  Set 2  sigma=0.3  N=659    mean=  0.41% (<= 2%)  p95=  1.12% (<= 5%)  PASS
  Set 3  sigma=0.5  N=2680   mean=  0.62% (<= 3%)  p95=  1.83% (<= 10%)  PASS
========================================================================
MEETS all Zhang Table 1 requirements.

Saved: result_1398k_joint_train6.pt
