R1 (k1): A=2.490e+21  Ea=48749 cal/mol
R2 (k2): A=7.590e+10  Ea=7270 cal/mol
R5 (k5): A=3.340e+01  b=+2.42  Ea=-1930 cal/mol

Running nominal profiles (1 ms, const-P) ...
  OH_peak = 508.3 ppm  at t = 0.0061 ms
  H2O initial = 1234.3 ppm   H2O plateau = 3659.5 ppm
  OH time window: 1.0 µs to 0.1000 ms
  H2O time window: 1.0 µs to 0.1000 ms

Computing sensitivities (OH on fine grid, H2O on coarse grid) ...

OH target probes (window 1.0 µs .. 0.1000 ms, TRUE joint D-optimal, k1/k2/k5):
  1. OH D-opt @ 0.0010 ms            OH ~ 210.34 ppm
  2. OH D-opt @ 0.0123 ms            OH ~ 472.48 ppm
  3. OH D-opt @ 0.0710 ms            OH ~ 177.97 ppm

H2O target probes (window 1.0 µs .. 0.1000 ms, TRUE joint D-optimal, k1/k2/k5):
  1. H2O D-opt @ 0.0082 ms           H2O ~ 2163.94 ppm
  2. H2O D-opt @ 0.0133 ms           H2O ~ 2684.90 ppm
  3. H2O D-opt @ 0.0184 ms           H2O ~ 3016.49 ppm

Starting fresh: 40000 simulations
  2000/40000  191.3 sim/s  failed=0
  4000/40000  190.3 sim/s  failed=0
  6000/40000  189.8 sim/s  failed=0
  8000/40000  189.2 sim/s  failed=0
  10000/40000  188.3 sim/s  failed=0
  12000/40000  187.7 sim/s  failed=0
  14000/40000  187.0 sim/s  failed=0
  16000/40000  186.5 sim/s  failed=0
  18000/40000  186.0 sim/s  failed=0
  20000/40000  185.6 sim/s  failed=0
  22000/40000  185.1 sim/s  failed=0
  24000/40000  184.5 sim/s  failed=0
  26000/40000  183.9 sim/s  failed=0
  28000/40000  183.3 sim/s  failed=0
  30000/40000  182.8 sim/s  failed=0
  32000/40000  181.9 sim/s  failed=0
  34000/40000  180.9 sim/s  failed=0
  36000/40000  180.0 sim/s  failed=0
  38000/40000  179.2 sim/s  failed=0
  40000/40000  178.3 sim/s  failed=0

Shapes: X=(40000, 6)  Y=(40000, 6)  (failed=0)
  OH outputs:  columns 0..2
  H2O outputs: columns 3..5
Split: train=32000  val=4000  test=4000

Training (1398 K joint OH+H2O+k5, 3-pt OH / 3-pt H2O, OH: 1us-0.1000ms [fixed] / H2O: 1us-0.1000ms [fixed, TRUE JOINT D-OPT]) ...
  ep     1 | train 1.1150e+03 | val 2.0881e+00 | gap 0.002 | wd 5.0e-07 | lr 3.0e-02
  ep   500 | train 8.1350e-02 | val 7.9980e-02 | gap 0.983 | wd 1.0e-08 | lr 3.0e-02
  ep  1000 | train 5.3380e-02 | val 6.7208e-02 | gap 1.259 | wd 1.6e-07 | lr 1.5e-02
  ep  1500 | train 2.9834e-02 | val 2.9486e-02 | gap 0.988 | wd 1.0e-08 | lr 7.5e-03
  ep  2000 | train 2.8007e-02 | val 2.9319e-02 | gap 1.047 | wd 1.0e-08 | lr 3.7e-03
  ep  2500 | train 2.6946e-02 | val 2.7446e-02 | gap 1.019 | wd 1.0e-08 | lr 1.9e-03
  ep  3000 | train 2.6713e-02 | val 2.6911e-02 | gap 1.007 | wd 1.0e-08 | lr 1.9e-03
  ep  3500 | train 2.5708e-02 | val 2.5965e-02 | gap 1.010 | wd 1.0e-08 | lr 1.9e-03
  ep  4000 | train 2.5332e-02 | val 2.5840e-02 | gap 1.020 | wd 1.0e-08 | lr 9.4e-04
  ep  4500 | train 2.5191e-02 | val 2.5594e-02 | gap 1.016 | wd 1.0e-08 | lr 9.4e-04
  ep  5000 | train 2.4917e-02 | val 2.5393e-02 | gap 1.019 | wd 1.0e-08 | lr 2.3e-04
Done in 26.9 min.  Best val: 2.5390e-02

========================================================================
  1398 K Joint (OH + H2O), 3 active params (k1,k2,k5, TRUE JOINT D-OPT)  |  Zhang Table 1
========================================================================

OH accuracy:
  Set 1  sigma=0.1  N=661    mean=  0.66% (<= 1%)  p95=  1.97% (<= 2%)  PASS
  Set 2  sigma=0.3  N=659    mean=  1.42% (<= 2%)  p95=  4.34% (<= 5%)  PASS
  Set 3  sigma=0.5  N=2680   mean=  2.41% (<= 3%)  p95=  8.84% (<= 10%)  PASS

H2O accuracy:
  Set 1  sigma=0.1  N=661    mean=  0.21% (<= 1%)  p95=  0.55% (<= 2%)  PASS
  Set 2  sigma=0.3  N=659    mean=  0.48% (<= 2%)  p95=  1.26% (<= 5%)  PASS
  Set 3  sigma=0.5  N=2680   mean=  0.72% (<= 3%)  p95=  2.06% (<= 10%)  PASS
========================================================================
MEETS all Zhang Table 1 requirements.

Saved: result_1398k_joint_k5_joint_dopt_32.pt
