R1 (k1): A=2.490e+21  Ea=48749 cal/mol
R2 (k2): A=7.590e+10  Ea=7270 cal/mol

Running nominal profiles (1 ms, const-P) ...
  OH_peak = 508.3 ppm  at t = 0.0061 ms
  OH decays to 71.5% of peak at t=0.0307 ms; data ceiling=0.1000 ms -> T_MAX_TARGET_OH=0.0307 ms
  H2O initial = 1234.3 ppm   H2O plateau = 3659.5 ppm
  H2O 95%-rise time = 0.0434 ms -> T_MAX_TARGET_H2O (was a fixed 1e-4 s / 0.1 ms)

Computing sensitivities (OH on fine grid, H2O on coarse grid) ...

OH target probes (window 1.0 µs .. 0.0307 ms, independent D-optimal):
  1. OH D-opt @ 0.0010 ms            OH ~ 210.34 ppm
  2. OH D-opt @ 0.0122 ms            OH ~ 473.11 ppm
  3. OH D-opt @ 0.0179 ms            OH ~ 439.05 ppm

H2O target probes (window 1.0 µs .. 0.0434 ms, independent D-optimal):
  1. H2O D-opt @ 0.0032 ms           H2O ~ 1469.11 ppm
  2. H2O D-opt @ 0.0082 ms           H2O ~ 2163.94 ppm
  3. H2O D-opt @ 0.0133 ms           H2O ~ 2684.90 ppm
  4. H2O D-opt @ 0.0434 ms           H2O ~ 3538.70 ppm

Starting fresh: 40000 simulations
  2000/40000  201.5 sim/s  failed=0
  4000/40000  200.9 sim/s  failed=0
  6000/40000  200.4 sim/s  failed=0
  8000/40000  199.5 sim/s  failed=0
  10000/40000  198.5 sim/s  failed=0
  12000/40000  197.6 sim/s  failed=0
  14000/40000  196.8 sim/s  failed=0
  16000/40000  196.0 sim/s  failed=0
  18000/40000  195.2 sim/s  failed=0
  20000/40000  194.5 sim/s  failed=0
  22000/40000  193.8 sim/s  failed=0
  24000/40000  193.0 sim/s  failed=0
  26000/40000  192.4 sim/s  failed=0
  28000/40000  191.8 sim/s  failed=0
  30000/40000  191.1 sim/s  failed=0
  32000/40000  190.5 sim/s  failed=0
  34000/40000  190.0 sim/s  failed=0
  36000/40000  189.4 sim/s  failed=0
  38000/40000  188.8 sim/s  failed=0
  40000/40000  188.3 sim/s  failed=0

Shapes: X=(40000, 4)  Y=(40000, 7)  (failed=0)
  OH outputs:  columns 0..2
  H2O outputs: columns 3..6
Split: train=32000  val=4000  test=4000

Training (1398 K joint OH+H2O, 3-pt each, OH: 1us-0.0307ms [peak-frac rule] / H2O: 1us-0.0434ms [95%-rise rule]) ...
  ep     1 | train 1.3552e+03 | val 2.4630e+00 | gap 0.002 | wd 5.0e-07 | lr 3.0e-02
  ep   500 | train 7.6135e-02 | val 5.9810e-02 | gap 0.786 | wd 1.0e-08 | lr 3.0e-02
  ep  1000 | train 5.3720e-02 | val 5.7125e-02 | gap 1.063 | wd 4.0e-08 | lr 3.0e-02
  ep  1500 | train 2.1917e-02 | val 2.4586e-02 | gap 1.122 | wd 4.0e-08 | lr 1.5e-02
  ep  2000 | train 1.9363e-02 | val 1.8929e-02 | gap 0.978 | wd 1.0e-08 | lr 7.5e-03
  ep  2500 | train 1.8810e-02 | val 1.9132e-02 | gap 1.017 | wd 1.0e-08 | lr 3.7e-03
  ep  3000 | train 1.8383e-02 | val 1.8359e-02 | gap 0.999 | wd 1.0e-08 | lr 9.4e-04
  ep  3500 | train 1.8243e-02 | val 1.8231e-02 | gap 0.999 | wd 1.0e-08 | lr 2.3e-04
  ep  4000 | train 1.8222e-02 | val 1.8215e-02 | gap 1.000 | wd 1.0e-08 | lr 1.2e-04
  ep  4500 | train 1.8215e-02 | val 1.8215e-02 | gap 1.000 | wd 1.0e-08 | lr 5.9e-05
  ep  5000 | train 1.8203e-02 | val 1.8203e-02 | gap 1.000 | wd 1.0e-08 | lr 2.9e-05
Done in 20.2 min.  Best val: 1.8200e-02

========================================================================
  1398 K Joint (OH + H2O) — 3-pt each (adaptive windows)  |  Zhang Table 1
========================================================================

OH accuracy:
  Set 1  sigma=0.1  N=661    mean=  0.58% (<= 1%)  p95=  1.72% (<= 2%)  PASS
  Set 2  sigma=0.3  N=659    mean=  0.94% (<= 2%)  p95=  3.05% (<= 5%)  PASS
  Set 3  sigma=0.5  N=2680   mean=  1.48% (<= 3%)  p95=  4.73% (<= 10%)  PASS

H2O accuracy:
  Set 1  sigma=0.1  N=661    mean=  0.26% (<= 1%)  p95=  0.74% (<= 2%)  PASS
  Set 2  sigma=0.3  N=659    mean=  0.44% (<= 2%)  p95=  1.23% (<= 5%)  PASS
  Set 3  sigma=0.5  N=2680   mean=  0.73% (<= 3%)  p95=  2.17% (<= 10%)  PASS
========================================================================
MEETS all Zhang Table 1 requirements.

Saved: result_1398k_joint_4h2o.pt
