R1 (k1): A=2.490e+21  Ea=48749 cal/mol
R2 (k2): A=7.590e+10  Ea=7270 cal/mol

Running nominal profiles (1 ms, const-P) ...
  OH_peak = 508.3 ppm  at t = 0.0061 ms
  H2O initial = 1260.4 ppm   H2O plateau = 3656.5 ppm

Computing sensitivities (OH on fine grid, H2O on coarse grid) ...

OH target probes (window 1.0 µs .. 0.10 ms, joint D-optimal):
  1. OH D-opt @ 0.0010 ms            OH ~ 210.34 ppm
  2. OH D-opt @ 0.0122 ms            OH ~ 473.11 ppm
  3. OH D-opt @ 0.0173 ms            OH ~ 442.52 ppm

H2O target probes (window 1.0 µs .. 0.10 ms, joint D-optimal):
  1. H2O D-opt @ 0.0080 ms           H2O ~ 2138.68 ppm
  2. H2O D-opt @ 0.0130 ms           H2O ~ 2660.25 ppm
  3. H2O D-opt @ 0.0180 ms           H2O ~ 2995.62 ppm

Starting fresh: 40000 simulations
  2000/40000  213.9 sim/s  failed=0
  4000/40000  213.1 sim/s  failed=0
  6000/40000  212.3 sim/s  failed=0
  8000/40000  211.2 sim/s  failed=0
  10000/40000  210.3 sim/s  failed=0
  12000/40000  209.5 sim/s  failed=0
  14000/40000  208.6 sim/s  failed=0
  16000/40000  207.8 sim/s  failed=0
  18000/40000  207.2 sim/s  failed=0
  20000/40000  206.3 sim/s  failed=0
  22000/40000  205.4 sim/s  failed=0
  24000/40000  204.5 sim/s  failed=0
  26000/40000  203.7 sim/s  failed=0
  28000/40000  203.1 sim/s  failed=0
  30000/40000  202.5 sim/s  failed=0
  32000/40000  201.9 sim/s  failed=0
  34000/40000  201.3 sim/s  failed=0
  36000/40000  200.7 sim/s  failed=0
  38000/40000  200.1 sim/s  failed=0
  40000/40000  199.5 sim/s  failed=0

Shapes: X=(40000, 4)  Y=(40000, 6)  (failed=0)
  OH outputs:  columns 0..2
  H2O outputs: columns 3..5
Split: train=32000  val=4000  test=4000

Training (1398 K joint OH+H2O, 3-pt each, OH: 10us-0.1ms / H2O: 10us-0.1ms) ...
  ep     1 | train 1.0949e+03 | val 2.0548e+00 | gap 0.002 | wd 5.0e-07 | lr 3.0e-02
  ep   500 | train 3.7407e-02 | val 4.6908e-02 | gap 1.254 | wd 4.0e-08 | lr 3.0e-02
  ep  1000 | train 2.8226e-02 | val 2.2677e-02 | gap 0.803 | wd 1.0e-08 | lr 1.5e-02
  ep  1500 | train 2.0484e-02 | val 2.0017e-02 | gap 0.977 | wd 1.0e-08 | lr 7.5e-03
  ep  2000 | train 1.9165e-02 | val 1.9100e-02 | gap 0.997 | wd 1.0e-08 | lr 3.7e-03
  ep  2500 | train 1.8613e-02 | val 1.8578e-02 | gap 0.998 | wd 1.0e-08 | lr 9.4e-04
  ep  3000 | train 1.8591e-02 | val 1.8383e-02 | gap 0.989 | wd 1.0e-08 | lr 9.4e-04
  ep  3500 | train 1.8449e-02 | val 1.8285e-02 | gap 0.991 | wd 1.0e-08 | lr 2.3e-04
  ep  4000 | train 1.8397e-02 | val 1.8258e-02 | gap 0.992 | wd 1.0e-08 | lr 5.9e-05
  ep  4500 | train 1.8386e-02 | val 1.8252e-02 | gap 0.993 | wd 1.0e-08 | lr 1.5e-05
  ep  5000 | train 1.8382e-02 | val 1.8250e-02 | gap 0.993 | wd 1.0e-08 | lr 7.3e-06
Done in 30.2 min.  Best val: 1.8249e-02

========================================================================
  1398 K Joint (OH + H2O) — 3-pt each (constrained)  |  Zhang Table 1
========================================================================

OH accuracy:
  Set 1  sigma=0.1  N=661    mean=  0.50% (<= 1%)  p95=  1.45% (<= 2%)  PASS
  Set 2  sigma=0.3  N=659    mean=  0.86% (<= 2%)  p95=  2.53% (<= 5%)  PASS
  Set 3  sigma=0.5  N=2680   mean=  1.53% (<= 3%)  p95=  5.32% (<= 10%)  PASS

H2O accuracy:
  Set 1  sigma=0.1  N=661    mean=  0.29% (<= 1%)  p95=  0.79% (<= 2%)  PASS
  Set 2  sigma=0.3  N=659    mean=  0.49% (<= 2%)  p95=  1.29% (<= 5%)  PASS
  Set 3  sigma=0.5  N=2680   mean=  0.72% (<= 3%)  p95=  2.19% (<= 10%)  PASS
========================================================================
MEETS all Zhang Table 1 requirements.

Saved: result_1398k_joint_train.pt
