R1 (k1): A=2.490e+21  Ea=48749 cal/mol
R2 (k2): A=7.590e+10  Ea=7270 cal/mol
R5 (k5): A=3.340e+01  b=+2.42  Ea=-1930 cal/mol

Running nominal profiles (1 ms, const-P) ...
/home/yk/h2o2_toy/nn_toy_1398k_joint_train_k5_5oh.py:158: DeprecationWarning: ReactorBase.__init__: After Cantera 3.2, the default value of the `clone` argument will be `True`, resulting in an independent copy of the `phase` being created for use by this reactor. Add the `clone=False` argument to retain the old behavior of sharing `Solution` objects.
  reactor = ct.IdealGasConstPressureReactor(gas, energy='on')
/home/yk/h2o2_toy/nn_toy_1398k_joint_train_k5_5oh.py:164: DeprecationWarning: ReactorBase.thermo: To be removed after Cantera 3.2. Renamed to `phase`.
  profiles[j][k] = reactor.thermo.X[idx]
  OH_peak = 508.3 ppm  at t = 0.0061 ms
  OH decays to 50% of peak at t=0.0502 ms; ceiling=0.1000 ms -> T_MAX_TARGET_OH=0.0502 ms
  H2O initial = 1234.3 ppm   H2O plateau = 3659.5 ppm
  H2O 95%-rise time = 0.0434 ms -> T_MAX_TARGET_H2O

Computing sensitivities (OH on fine grid, H2O on coarse grid) ...
/home/yk/h2o2_toy/nn_toy_1398k_joint_train_k5_5oh.py:210: DeprecationWarning: class Arrhenius: To be removed after Cantera 3.2. Replace with 'ArrheniusRate'
  r.rate.low_rate = ct.Arrhenius(lr.pre_exponential_factor*f, lr.temperature_exponent, lr.activation_energy)
/home/yk/h2o2_toy/nn_toy_1398k_joint_train_k5_5oh.py:215: DeprecationWarning: ReactorBase.__init__: After Cantera 3.2, the default value of the `clone` argument will be `True`, resulting in an independent copy of the `phase` being created for use by this reactor. Add the `clone=False` argument to retain the old behavior of sharing `Solution` objects.
  rr = ct.IdealGasConstPressureReactor(g, energy='on'); net = ct.ReactorNet([rr]); oh = g.species_index('OH')
/home/yk/h2o2_toy/nn_toy_1398k_joint_train_k5_5oh.py:217: DeprecationWarning: ReactorBase.thermo: To be removed after Cantera 3.2. Renamed to `phase`.
  for k in range(N_FINE): net.advance(T_FINE[k]); out[k] = rr.thermo.X[oh]
/home/yk/h2o2_toy/nn_toy_1398k_joint_train_k5_5oh.py:212: DeprecationWarning: class Arrhenius: To be removed after Cantera 3.2. Replace with 'ArrheniusRate'
  r.rate = ct.Arrhenius(r.rate.pre_exponential_factor*f, r.rate.temperature_exponent, r.rate.activation_energy)
/home/yk/h2o2_toy/nn_toy_1398k_joint_train_k5_5oh.py:227: DeprecationWarning: class Arrhenius: To be removed after Cantera 3.2. Replace with 'ArrheniusRate'
  r.rate.low_rate = ct.Arrhenius(lr.pre_exponential_factor*f,
/home/yk/h2o2_toy/nn_toy_1398k_joint_train_k5_5oh.py:234: DeprecationWarning: ReactorBase.__init__: After Cantera 3.2, the default value of the `clone` argument will be `True`, resulting in an independent copy of the `phase` being created for use by this reactor. Add the `clone=False` argument to retain the old behavior of sharing `Solution` objects.
  rr = ct.IdealGasConstPressureReactor(g, energy='on')
/home/yk/h2o2_toy/nn_toy_1398k_joint_train_k5_5oh.py:238: DeprecationWarning: ReactorBase.thermo: To be removed after Cantera 3.2. Renamed to `phase`.
  net.advance(T_SIM[k]); out[k] = rr.thermo.X[h2o]
/home/yk/h2o2_toy/nn_toy_1398k_joint_train_k5_5oh.py:230: DeprecationWarning: class Arrhenius: To be removed after Cantera 3.2. Replace with 'ArrheniusRate'
  r.rate = ct.Arrhenius(r.rate.pre_exponential_factor*f,

OH target probes (window 1.0 µs .. 0.0502 ms, independent D-optimal, k1/k2/k5):
  1. OH D-opt @ 0.0010 ms            OH ~ 210.34 ppm
  2. OH D-opt @ 0.0123 ms            OH ~ 472.48 ppm
  3. OH D-opt @ 0.0174 ms            OH ~ 441.94 ppm
  4. OH D-opt @ 0.0436 ms            OH ~ 287.57 ppm
  5. OH D-opt @ 0.0487 ms            OH ~ 261.02 ppm

H2O target probes (window 1.0 µs .. 0.0434 ms, independent D-optimal, k1/k2/k5):
  1. H2O D-opt @ 0.0032 ms           H2O ~ 1469.11 ppm
  2. H2O D-opt @ 0.0082 ms           H2O ~ 2163.94 ppm
  3. H2O D-opt @ 0.0382 ms           H2O ~ 3497.94 ppm
/home/yk/h2o2_toy/nn_toy_1398k_joint_train_k5_5oh.py:341: UserWarning: The balance properties of Sobol' points require n to be a power of 2.
  base    = sampler.random(n_total)

Starting fresh: 40000 simulations
/home/yk/h2o2_toy/nn_toy_1398k_joint_train_k5_5oh.py:364: DeprecationWarning: class Arrhenius: To be removed after Cantera 3.2. Replace with 'ArrheniusRate'
  rxn1.rate.low_rate = ct.Arrhenius(new_A_R1, NOMINAL_B_R1, new_Ea_R1)
/home/yk/h2o2_toy/nn_toy_1398k_joint_train_k5_5oh.py:370: DeprecationWarning: class Arrhenius: To be removed after Cantera 3.2. Replace with 'ArrheniusRate'
  rxn2.rate = ct.Arrhenius(new_A_R2, NOMINAL_B_R2, new_Ea_R2)
/home/yk/h2o2_toy/nn_toy_1398k_joint_train_k5_5oh.py:376: DeprecationWarning: class Arrhenius: To be removed after Cantera 3.2. Replace with 'ArrheniusRate'
  rxn5.rate = ct.Arrhenius(new_A_R5, NOMINAL_B_R5, new_Ea_R5)
/home/yk/h2o2_toy/nn_toy_1398k_joint_train_k5_5oh.py:380: DeprecationWarning: ReactorBase.__init__: After Cantera 3.2, the default value of the `clone` argument will be `True`, resulting in an independent copy of the `phase` being created for use by this reactor. Add the `clone=False` argument to retain the old behavior of sharing `Solution` objects.
  reactor  = ct.IdealGasConstPressureReactor(gas, energy='on')
/home/yk/h2o2_toy/nn_toy_1398k_joint_train_k5_5oh.py:393: DeprecationWarning: ReactorBase.thermo: To be removed after Cantera 3.2. Renamed to `phase`.
  y_oh[out_pos]  = reactor.thermo.X[oh_idx]
/home/yk/h2o2_toy/nn_toy_1398k_joint_train_k5_5oh.py:395: DeprecationWarning: ReactorBase.thermo: To be removed after Cantera 3.2. Renamed to `phase`.
  y_h2o[out_pos] = reactor.thermo.X[h2o_idx]
  2000/40000  199.4 sim/s  failed=0
  4000/40000  199.3 sim/s  failed=0
  6000/40000  198.9 sim/s  failed=0
  8000/40000  198.0 sim/s  failed=0
  10000/40000  196.9 sim/s  failed=0
  12000/40000  196.0 sim/s  failed=0
  14000/40000  195.1 sim/s  failed=0
  16000/40000  194.2 sim/s  failed=0
  18000/40000  193.4 sim/s  failed=0
  20000/40000  192.6 sim/s  failed=0
  22000/40000  191.9 sim/s  failed=0
  24000/40000  191.1 sim/s  failed=0
  26000/40000  190.5 sim/s  failed=0
  28000/40000  189.9 sim/s  failed=0
  30000/40000  189.2 sim/s  failed=0
  32000/40000  188.7 sim/s  failed=0
  34000/40000  188.1 sim/s  failed=0
  36000/40000  187.5 sim/s  failed=0
  38000/40000  186.9 sim/s  failed=0
  40000/40000  186.4 sim/s  failed=0

Shapes: X=(40000, 6)  Y=(40000, 8)  (failed=0)
  OH outputs:  columns 0..4
  H2O outputs: columns 5..7
Split: train=32000  val=4000  test=4000

Training (1398 K joint OH+H2O+k5, 5-pt OH / 3-pt H2O, OH: 1us-0.0502ms [50%-peak ceiling] / H2O: 1us-0.0434ms [95%-rise rule]) ...
  ep     1 | train 1.4858e+03 | val 1.0147e+01 | gap 0.007 | wd 5.0e-07 | lr 3.0e-02
  ep   500 | train 7.3060e-02 | val 7.1770e-02 | gap 0.982 | wd 1.0e-08 | lr 3.0e-02
