R1 (k1): A=2.490e+21  Ea=48749 cal/mol
R2 (k2): A=7.590e+10  Ea=7270 cal/mol

Running nominal profiles (1 ms, const-P) ...
  OH_peak = 508.3 ppm  at t = 0.0061 ms
  H2O initial = 1234.3 ppm   H2O plateau = 3659.5 ppm

Computing sensitivities (OH on fine grid, H2O on coarse grid) ...

OH target probes (window 1.0 µs .. 0.10 ms, joint D-optimal):
  1. OH D-opt @ 0.0072 ms            OH ~ 505.29 ppm
  2. OH D-opt @ 0.0122 ms            OH ~ 473.11 ppm
  3. OH D-opt @ 0.0173 ms            OH ~ 442.52 ppm

H2O target probes (window 1.0 µs .. 0.10 ms, joint D-optimal):
  1. H2O D-opt @ 0.0032 ms           H2O ~ 1469.11 ppm
  2. H2O D-opt @ 0.0082 ms           H2O ~ 2163.94 ppm
  3. H2O D-opt @ 0.0133 ms           H2O ~ 2684.90 ppm

Starting fresh: 40000 simulations
  2000/40000  215.0 sim/s  failed=0
  4000/40000  214.1 sim/s  failed=0
  6000/40000  213.2 sim/s  failed=0
  8000/40000  212.4 sim/s  failed=0
  10000/40000  211.6 sim/s  failed=0
  12000/40000  210.9 sim/s  failed=0
  14000/40000  210.0 sim/s  failed=0
  16000/40000  209.2 sim/s  failed=0
  18000/40000  208.5 sim/s  failed=0
  20000/40000  207.8 sim/s  failed=0
  22000/40000  207.1 sim/s  failed=0
  24000/40000  206.4 sim/s  failed=0
  26000/40000  205.8 sim/s  failed=0
  28000/40000  205.2 sim/s  failed=0
  30000/40000  204.5 sim/s  failed=0
  32000/40000  203.9 sim/s  failed=0
  34000/40000  203.3 sim/s  failed=0
  36000/40000  202.8 sim/s  failed=0
  38000/40000  202.2 sim/s  failed=0
  40000/40000  201.6 sim/s  failed=0

Shapes: X=(40000, 4)  Y=(40000, 6)  (failed=0)
  OH outputs:  columns 0..2
  H2O outputs: columns 3..5
Split: train=32000  val=4000  test=4000

Training (1398 K joint OH+H2O, 3-pt each, OH: 1us-0.1ms / H2O: 1us-0.1ms, normalized selection) ...
  ep     1 | train 8.6782e+02 | val 1.5521e+00 | gap 0.002 | wd 5.0e-07 | lr 3.0e-02
  ep   500 | train 4.8806e-02 | val 4.0262e-02 | gap 0.825 | wd 1.0e-08 | lr 1.5e-02
  ep  1000 | train 2.6788e-02 | val 2.8021e-02 | gap 1.046 | wd 2.0e-08 | lr 1.5e-02
  ep  1500 | train 2.2188e-02 | val 2.1234e-02 | gap 0.957 | wd 1.0e-08 | lr 1.5e-02
  ep  2000 | train 2.0189e-02 | val 2.0376e-02 | gap 1.009 | wd 1.0e-08 | lr 7.5e-03
  ep  2500 | train 1.9274e-02 | val 1.9575e-02 | gap 1.016 | wd 1.0e-08 | lr 1.9e-03
  ep  3000 | train 1.9147e-02 | val 1.9345e-02 | gap 1.010 | wd 1.0e-08 | lr 9.4e-04
  ep  3500 | train 1.9027e-02 | val 1.9088e-02 | gap 1.003 | wd 1.0e-08 | lr 2.3e-04
  ep  4000 | train 1.8991e-02 | val 1.9073e-02 | gap 1.004 | wd 1.0e-08 | lr 5.9e-05
  ep  4500 | train 1.8980e-02 | val 1.9059e-02 | gap 1.004 | wd 1.0e-08 | lr 1.5e-05
  ep  5000 | train 1.8976e-02 | val 1.9052e-02 | gap 1.004 | wd 1.0e-08 | lr 3.7e-06
Done in 20.0 min.  Best val: 1.9050e-02

========================================================================
  1398 K Joint (OH + H2O) — 3-pt each (constrained, normalized selection)  |  Zhang Table 1
========================================================================

OH accuracy:
  Set 1  sigma=0.1  N=661    mean=  0.61% (<= 1%)  p95=  1.67% (<= 2%)  PASS
  Set 2  sigma=0.3  N=659    mean=  0.91% (<= 2%)  p95=  2.70% (<= 5%)  PASS
  Set 3  sigma=0.5  N=2680   mean=  1.50% (<= 3%)  p95=  4.98% (<= 10%)  PASS

H2O accuracy:
  Set 1  sigma=0.1  N=661    mean=  0.28% (<= 1%)  p95=  0.71% (<= 2%)  PASS
  Set 2  sigma=0.3  N=659    mean=  0.49% (<= 2%)  p95=  1.29% (<= 5%)  PASS
  Set 3  sigma=0.5  N=2680   mean=  0.82% (<= 3%)  p95=  2.40% (<= 10%)  PASS
========================================================================
MEETS all Zhang Table 1 requirements.

Saved: result_1398k_joint_train3.pt
