R1 (k1): A=2.490e+21  Ea=48749 cal/mol
R2 (k2): A=7.590e+10  Ea=7270 cal/mol

Running nominal profiles (1 ms, const-P) ...
  OH_peak = 508.3 ppm  at t = 0.0061 ms
  H2O initial = 1234.3 ppm   H2O plateau = 3659.5 ppm

Computing sensitivities (OH on fine grid, H2O on coarse grid) ...

OH target probes (window 1.0 µs .. 0.10 ms, joint D-optimal):
  1. OH D-opt @ 0.0010 ms            OH ~ 210.34 ppm
  2. OH D-opt @ 0.0122 ms            OH ~ 473.11 ppm
  3. OH D-opt @ 0.0173 ms            OH ~ 442.52 ppm

H2O target probes (window 1.0 µs .. 0.10 ms, joint D-optimal):
  1. H2O D-opt @ 0.0082 ms           H2O ~ 2163.94 ppm
  2. H2O D-opt @ 0.0133 ms           H2O ~ 2684.90 ppm
  3. H2O D-opt @ 0.0184 ms           H2O ~ 3016.49 ppm

Starting fresh: 40000 simulations
  2000/40000  212.3 sim/s  failed=0
  4000/40000  211.9 sim/s  failed=0
  6000/40000  211.0 sim/s  failed=0
  8000/40000  209.9 sim/s  failed=0
  10000/40000  208.9 sim/s  failed=0
  12000/40000  208.1 sim/s  failed=0
  14000/40000  207.4 sim/s  failed=0
  16000/40000  206.6 sim/s  failed=0
  18000/40000  205.9 sim/s  failed=0
  20000/40000  205.1 sim/s  failed=0
  22000/40000  204.5 sim/s  failed=0
  24000/40000  203.7 sim/s  failed=0
  26000/40000  203.0 sim/s  failed=0
  28000/40000  202.0 sim/s  failed=0
  30000/40000  200.7 sim/s  failed=0
  32000/40000  199.2 sim/s  failed=0
  34000/40000  197.6 sim/s  failed=0
  36000/40000  196.1 sim/s  failed=0
  38000/40000  194.6 sim/s  failed=0
  40000/40000  193.3 sim/s  failed=0

Shapes: X=(40000, 4)  Y=(40000, 6)  (failed=0)
  OH outputs:  columns 0..2
  H2O outputs: columns 3..5
Split: train=32000  val=4000  test=4000

Training (1398 K joint OH+H2O, 3-pt each, OH: 10us-0.1ms / H2O: 10us-0.1ms) ...
  ep     1 | train 1.0942e+03 | val 2.0573e+00 | gap 0.002 | wd 5.0e-07 | lr 3.0e-02
  ep   500 | train 5.4193e-02 | val 5.7510e-02 | gap 1.061 | wd 8.0e-08 | lr 3.0e-02
  ep  1000 | train 2.4274e-02 | val 2.3869e-02 | gap 0.983 | wd 1.0e-08 | lr 1.5e-02
  ep  1500 | train 2.4584e-02 | val 2.4264e-02 | gap 0.987 | wd 4.0e-08 | lr 1.5e-02
  ep  2000 | train 1.9467e-02 | val 1.9646e-02 | gap 1.009 | wd 1.0e-08 | lr 7.5e-03
  ep  2500 | train 1.8780e-02 | val 2.0183e-02 | gap 1.075 | wd 1.0e-08 | lr 3.7e-03
  ep  3000 | train 1.8176e-02 | val 1.8498e-02 | gap 1.018 | wd 1.0e-08 | lr 9.4e-04
  ep  3500 | train 1.8096e-02 | val 1.8245e-02 | gap 1.008 | wd 1.0e-08 | lr 2.3e-04
  ep  4000 | train 1.8060e-02 | val 1.8240e-02 | gap 1.010 | wd 1.0e-08 | lr 1.2e-04
  ep  4500 | train 1.8039e-02 | val 1.8225e-02 | gap 1.010 | wd 1.0e-08 | lr 2.9e-05
  ep  5000 | train 1.8034e-02 | val 1.8218e-02 | gap 1.010 | wd 1.0e-08 | lr 7.3e-06
Done in 30.1 min.  Best val: 1.8214e-02

========================================================================
  1398 K Joint (OH + H2O) — 3-pt each (constrained)  |  Zhang Table 1
========================================================================

OH accuracy:
  Set 1  sigma=0.1  N=661    mean=  0.66% (<= 1%)  p95=  1.50% (<= 2%)  PASS
  Set 2  sigma=0.3  N=659    mean=  0.88% (<= 2%)  p95=  2.59% (<= 5%)  PASS
  Set 3  sigma=0.5  N=2680   mean=  1.47% (<= 3%)  p95=  4.78% (<= 10%)  PASS

H2O accuracy:
  Set 1  sigma=0.1  N=661    mean=  0.29% (<= 1%)  p95=  0.85% (<= 2%)  PASS
  Set 2  sigma=0.3  N=659    mean=  0.45% (<= 2%)  p95=  1.21% (<= 5%)  PASS
  Set 3  sigma=0.5  N=2680   mean=  0.72% (<= 3%)  p95=  2.08% (<= 10%)  PASS
========================================================================
MEETS all Zhang Table 1 requirements.

Saved: result_1398k_joint_train2.pt
