R22 nominal: A=2.490e+21  Ea=48749 cal/mol
R26 nominal: A=7.590e+10  Ea=7270 cal/mol
Auto-selected TARGET_TIMES (s): [0.000391 0.000904 0.001742 0.002791 0.005   ]
Starting fresh: 40000 simulations
  2000/40000  40.4 sim/s  failed 0
  4000/40000  40.3 sim/s  failed 0
  6000/40000  40.3 sim/s  failed 0
  8000/40000  40.2 sim/s  failed 0
  10000/40000  40.1 sim/s  failed 0
  12000/40000  40.1 sim/s  failed 0
  14000/40000  40.0 sim/s  failed 0
  16000/40000  40.0 sim/s  failed 0
  18000/40000  39.9 sim/s  failed 0
  20000/40000  39.8 sim/s  failed 0
  22000/40000  39.8 sim/s  failed 0
  24000/40000  39.7 sim/s  failed 0
  26000/40000  39.7 sim/s  failed 0
  28000/40000  39.6 sim/s  failed 0
  30000/40000  39.6 sim/s  failed 0
  32000/40000  39.6 sim/s  failed 0
  34000/40000  39.5 sim/s  failed 0
  36000/40000  39.5 sim/s  failed 0
  38000/40000  39.4 sim/s  failed 0
  40000/40000  39.4 sim/s  failed 0
Shapes: X=(40000, 4), Y=(40000, 5)  (failed: 0)
Split: train=32000, val=4000, test=4000

Training: discrete-target ReLU surrogate (R22 + R26, 4 params)
  ep     1 | train 1.6172e+01 | val 1.1974e+00 | gap 0.074 | wd 5.0e-07 | lr 3.0e-02
  ep   500 | train 7.3069e-04 | val 2.5786e-04 | gap 0.353 | wd 1.0e-08 | lr 3.0e-02
  ep  1000 | train 5.5385e-04 | val 1.4598e-03 | gap 2.636 | wd 2.0e-08 | lr 3.0e-02
  ep  1500 | train 8.8723e-05 | val 1.8373e-04 | gap 2.071 | wd 1.6e-07 | lr 1.5e-02
  ep  2000 | train 8.2812e-05 | val 7.0895e-05 | gap 0.856 | wd 1.0e-08 | lr 7.5e-03
  ep  2500 | train 5.7424e-05 | val 6.0292e-05 | gap 1.050 | wd 1.0e-08 | lr 1.9e-03
  ep  3000 | train 5.6360e-05 | val 5.6472e-05 | gap 1.002 | wd 1.0e-08 | lr 9.4e-04
  ep  3500 | train 5.5275e-05 | val 5.5707e-05 | gap 1.008 | wd 1.0e-08 | lr 2.3e-04
  ep  4000 | train 5.5041e-05 | val 5.5666e-05 | gap 1.011 | wd 1.0e-08 | lr 1.2e-04
  ep  4500 | train 5.4964e-05 | val 5.5364e-05 | gap 1.007 | wd 1.0e-08 | lr 2.9e-05
  ep  5000 | train 5.4841e-05 | val 5.5239e-05 | gap 1.007 | wd 1.0e-08 | lr 3.7e-06
Done in 26.5 min. Best val: 5.5216e-05

======================================================================
  ReLU discrete-target (R22+R26) — Zhang Table 1
======================================================================
  Set 1  sigma=0.1  N=661   mean=  0.46% (<= 1%)  p95=  1.32% (<= 2%)  PASS
  Set 2  sigma=0.3  N=659   mean=  0.49% (<= 2%)  p95=  1.47% (<= 5%)  PASS
  Set 3  sigma=0.5  N=2680  mean=  0.52% (<= 3%)  p95=  1.62% (<= 10%)  PASS
======================================================================
MEETS all Zhang Table 1 requirements.

Per-target mean relative error (%):
  t=3.9e-04s :   0.84%
  t=9.0e-04s :   0.55%
  t=1.7e-03s :   0.43%
  t=2.8e-03s :   0.37%
  t=5.0e-03s :   0.36%
Saved: relu_r22r26_discrete_targets.pt
