Auto-selected TARGET_TIMES (s): [0.000391 0.000904 0.001742 0.002791 0.005   ]
Resuming from idx 40000/40000: 18000 valid entries kept, 0 dropped (shape mismatch), 0 failed
Shapes: X=(18000, 2), Y=(18000, 5)  (failed: 0)
Split: train=14400, val=1800, test=1800

Training: discrete-target ReLU surrogate (R22 only)
  ep     1 | train 2.6834e+01 | val 3.5153e+00 | gap 0.131 | wd 5.0e-07 | lr 3.0e-02
  ep   500 | train 2.9672e-04 | val 2.1030e-04 | gap 0.709 | wd 1.6e-07 | lr 3.0e-02
  ep  1000 | train 2.4446e-04 | val 2.1687e-04 | gap 0.887 | wd 8.0e-08 | lr 1.5e-02
  ep  1500 | train 2.1905e-04 | val 2.7307e-04 | gap 1.247 | wd 4.0e-08 | lr 3.7e-03
  ep  2000 | train 1.8847e-04 | val 1.9356e-04 | gap 1.027 | wd 1.0e-08 | lr 9.4e-04
  ep  2500 | train 1.8832e-04 | val 1.9359e-04 | gap 1.028 | wd 1.0e-08 | lr 2.3e-04
  ep  3000 | train 1.8759e-04 | val 1.9152e-04 | gap 1.021 | wd 1.0e-08 | lr 5.9e-05
  ep  3500 | train 1.8728e-04 | val 1.9158e-04 | gap 1.023 | wd 1.0e-08 | lr 1.5e-05
  ep  4000 | train 1.8717e-04 | val 1.9145e-04 | gap 1.023 | wd 1.0e-08 | lr 3.7e-06
  ep  4500 | train 1.8716e-04 | val 1.9149e-04 | gap 1.023 | wd 1.0e-08 | lr 1.0e-06
  ep  5000 | train 1.8716e-04 | val 1.9150e-04 | gap 1.023 | wd 1.0e-08 | lr 1.0e-06
Done in 11.1 min. Best val: 1.9135e-04

======================================================================
  ReLU discrete-target (R22) — Zhang Table 1
======================================================================
  Set 1  sigma=0.1  N=658   mean=  0.99% (<= 1%)  p95=  2.43% (<= 2%)  FAIL
  Set 2  sigma=0.3  N=666   mean=  1.06% (<= 2%)  p95=  2.99% (<= 5%)  PASS
  Set 3  sigma=0.5  N=476   mean=  1.02% (<= 3%)  p95=  3.11% (<= 10%)  PASS
======================================================================
does NOT meet all Zhang Table 1 requirements.

Per-target mean relative error (%):
  t=3.9e-04s :   0.81%
  t=9.0e-04s :   1.23%
  t=1.7e-03s :   1.10%
  t=2.8e-03s :   1.04%
  t=5.0e-03s :   0.92%
Saved: relu_r22_discrete_targets.pt
